15:41:50.108 INFO   r.v.c.r.c.essence.board.Board - Board init was successful.
15:41:50.153 INFO   r.v.c.r.c.gameservice.Table - Piece R was put on: A1 successfully.
15:41:50.159 INFO   r.v.c.r.c.gameservice.Table - Piece Knt was put on: B1 successfully.
15:41:50.163 INFO   r.v.c.r.c.gameservice.Table - Piece B was put on: C1 successfully.
15:41:50.168 INFO   r.v.c.r.c.gameservice.Table - Piece Q was put on: D1 successfully.
15:41:50.173 INFO   r.v.c.r.c.gameservice.Table - Piece K was put on: E1 successfully.
15:41:50.173 INFO   r.v.c.r.c.gameservice.Table - Piece B was put on: F1 successfully.
15:41:50.173 INFO   r.v.c.r.c.gameservice.Table - Piece Knt was put on: G1 successfully.
15:41:50.173 INFO   r.v.c.r.c.gameservice.Table - Piece R was put on: H1 successfully.
15:41:50.178 INFO   r.v.c.r.c.gameservice.Table - Piece P was put on: A2 successfully.
15:41:50.178 INFO   r.v.c.r.c.gameservice.Table - Piece P was put on: B2 successfully.
15:41:50.178 INFO   r.v.c.r.c.gameservice.Table - Piece P was put on: C2 successfully.
15:41:50.178 INFO   r.v.c.r.c.gameservice.Table - Piece P was put on: D2 successfully.
15:41:50.178 INFO   r.v.c.r.c.gameservice.Table - Piece P was put on: E2 successfully.
15:41:50.179 INFO   r.v.c.r.c.gameservice.Table - Piece P was put on: F2 successfully.
15:41:50.179 INFO   r.v.c.r.c.gameservice.Table - Piece P was put on: G2 successfully.
15:41:50.179 INFO   r.v.c.r.c.gameservice.Table - Piece P was put on: H2 successfully.
15:41:50.179 ERROR  r.v.c.r.c.gameservice.Table - Cell is not specified for firstInit piece.
15:41:50.179 ERROR  r.v.c.r.c.gameservice.Table - Cell is not specified for firstInit piece.
15:41:50.179 ERROR  r.v.c.r.c.gameservice.Table - Cell is not specified for firstInit piece.
15:41:50.179 ERROR  r.v.c.r.c.gameservice.Table - Cell is not specified for firstInit piece.
15:41:50.179 ERROR  r.v.c.r.c.gameservice.Table - Cell is not specified for firstInit piece.
15:41:50.179 ERROR  r.v.c.r.c.gameservice.Table - Cell is not specified for firstInit piece.
15:41:50.180 ERROR  r.v.c.r.c.gameservice.Table - Cell is not specified for firstInit piece.
15:41:50.180 ERROR  r.v.c.r.c.gameservice.Table - Cell is not specified for firstInit piece.
15:41:50.180 ERROR  r.v.c.r.c.gameservice.Table - Cell is not specified for firstInit piece.
15:41:50.180 ERROR  r.v.c.r.c.gameservice.Table - Cell is not specified for firstInit piece.
15:41:50.180 ERROR  r.v.c.r.c.gameservice.Table - Cell is not specified for firstInit piece.
15:41:50.180 ERROR  r.v.c.r.c.gameservice.Table - Cell is not specified for firstInit piece.
15:41:50.180 ERROR  r.v.c.r.c.gameservice.Table - Cell is not specified for firstInit piece.
15:41:50.180 ERROR  r.v.c.r.c.gameservice.Table - Cell is not specified for firstInit piece.
15:41:50.180 ERROR  r.v.c.r.c.gameservice.Table - Cell is not specified for firstInit piece.
15:41:50.181 ERROR  r.v.c.r.c.gameservice.Table - Cell is not specified for firstInit piece.
15:41:50.181 ERROR  r.v.c.r.c.gameservice.Table - Cell is not specified for firstInit piece.
15:41:50.181 ERROR  r.v.c.r.c.gameservice.Table - Cell is not specified for firstInit piece.
15:41:50.181 ERROR  r.v.c.r.c.gameservice.Table - Cell is not specified for firstInit piece.
15:41:50.181 ERROR  r.v.c.r.c.gameservice.Table - Cell is not specified for firstInit piece.
15:41:50.181 ERROR  r.v.c.r.c.gameservice.Table - Cell is not specified for firstInit piece.
15:41:50.182 ERROR  r.v.c.r.c.gameservice.Table - Cell is not specified for firstInit piece.
15:41:50.182 ERROR  r.v.c.r.c.gameservice.Table - Cell is not specified for firstInit piece.
15:41:50.182 ERROR  r.v.c.r.c.gameservice.Table - Cell is not specified for firstInit piece.
15:41:50.182 ERROR  r.v.c.r.c.gameservice.Table - Cell is not specified for firstInit piece.
15:41:50.182 ERROR  r.v.c.r.c.gameservice.Table - Cell is not specified for firstInit piece.
15:41:50.182 ERROR  r.v.c.r.c.gameservice.Table - Cell is not specified for firstInit piece.
15:41:50.182 ERROR  r.v.c.r.c.gameservice.Table - Cell is not specified for firstInit piece.
15:41:50.182 ERROR  r.v.c.r.c.gameservice.Table - Cell is not specified for firstInit piece.
15:41:50.182 ERROR  r.v.c.r.c.gameservice.Table - Cell is not specified for firstInit piece.
15:41:50.182 ERROR  r.v.c.r.c.gameservice.Table - Cell is not specified for firstInit piece.
15:41:50.182 ERROR  r.v.c.r.c.gameservice.Table - Cell is not specified for firstInit piece.
15:41:50.186 INFO   r.v.c.r.c.gameservice.Table - Piece P was put on: A7 successfully.
15:41:50.186 INFO   r.v.c.r.c.gameservice.Table - Piece P was put on: B7 successfully.
15:41:50.186 INFO   r.v.c.r.c.gameservice.Table - Piece P was put on: C7 successfully.
15:41:50.186 INFO   r.v.c.r.c.gameservice.Table - Piece P was put on: D7 successfully.
15:41:50.186 INFO   r.v.c.r.c.gameservice.Table - Piece P was put on: E7 successfully.
15:41:50.186 INFO   r.v.c.r.c.gameservice.Table - Piece P was put on: F7 successfully.
15:41:50.187 INFO   r.v.c.r.c.gameservice.Table - Piece P was put on: G7 successfully.
15:41:50.187 INFO   r.v.c.r.c.gameservice.Table - Piece P was put on: H7 successfully.
15:41:50.191 INFO   r.v.c.r.c.gameservice.Table - Piece R was put on: A8 successfully.
15:41:50.194 INFO   r.v.c.r.c.gameservice.Table - Piece Knt was put on: B8 successfully.
15:41:50.196 INFO   r.v.c.r.c.gameservice.Table - Piece B was put on: C8 successfully.
15:41:50.199 INFO   r.v.c.r.c.gameservice.Table - Piece Q was put on: D8 successfully.
15:41:50.201 INFO   r.v.c.r.c.gameservice.Table - Piece K was put on: E8 successfully.
15:41:50.202 INFO   r.v.c.r.c.gameservice.Table - Piece B was put on: F8 successfully.
15:41:50.202 INFO   r.v.c.r.c.gameservice.Table - Piece Knt was put on: G8 successfully.
15:41:50.202 INFO   r.v.c.r.c.gameservice.Table - Piece R was put on: H8 successfully.
15:41:50.415 INFO   r.v.c.r.c.gameservice.Table - Table was init successfully.
15:41:55.755 INFO   r.v.c.r.c.essence.board.Board - Board init was successful.
15:41:55.777 INFO   r.v.c.r.c.g.Controller - Game was loaded successfully
15:42:00.259 INFO   r.v.c.r.c.g.Controller - Application launched successfully.
15:44:41.789 INFO   r.v.c.r.c.essence.board.Board - Board init was successful.
15:44:41.831 INFO   r.v.c.r.c.gameservice.Table - Piece R was put on: A1 successfully.
15:44:41.837 INFO   r.v.c.r.c.gameservice.Table - Piece Knt was put on: B1 successfully.
15:44:41.842 INFO   r.v.c.r.c.gameservice.Table - Piece B was put on: C1 successfully.
15:44:41.846 INFO   r.v.c.r.c.gameservice.Table - Piece Q was put on: D1 successfully.
15:44:41.851 INFO   r.v.c.r.c.gameservice.Table - Piece K was put on: E1 successfully.
15:44:41.851 INFO   r.v.c.r.c.gameservice.Table - Piece B was put on: F1 successfully.
15:44:41.851 INFO   r.v.c.r.c.gameservice.Table - Piece Knt was put on: G1 successfully.
15:44:41.851 INFO   r.v.c.r.c.gameservice.Table - Piece R was put on: H1 successfully.
15:44:41.856 INFO   r.v.c.r.c.gameservice.Table - Piece P was put on: A2 successfully.
15:44:41.856 INFO   r.v.c.r.c.gameservice.Table - Piece P was put on: B2 successfully.
15:44:41.856 INFO   r.v.c.r.c.gameservice.Table - Piece P was put on: C2 successfully.
15:44:41.856 INFO   r.v.c.r.c.gameservice.Table - Piece P was put on: D2 successfully.
15:44:41.857 INFO   r.v.c.r.c.gameservice.Table - Piece P was put on: E2 successfully.
15:44:41.857 INFO   r.v.c.r.c.gameservice.Table - Piece P was put on: F2 successfully.
15:44:41.857 INFO   r.v.c.r.c.gameservice.Table - Piece P was put on: G2 successfully.
15:44:41.858 INFO   r.v.c.r.c.gameservice.Table - Piece P was put on: H2 successfully.
15:44:41.858 ERROR  r.v.c.r.c.gameservice.Table - Cell is not specified for firstInit piece.
15:44:41.858 ERROR  r.v.c.r.c.gameservice.Table - Cell is not specified for firstInit piece.
15:44:41.858 ERROR  r.v.c.r.c.gameservice.Table - Cell is not specified for firstInit piece.
15:44:41.858 ERROR  r.v.c.r.c.gameservice.Table - Cell is not specified for firstInit piece.
15:44:41.858 ERROR  r.v.c.r.c.gameservice.Table - Cell is not specified for firstInit piece.
15:44:41.858 ERROR  r.v.c.r.c.gameservice.Table - Cell is not specified for firstInit piece.
15:44:41.859 ERROR  r.v.c.r.c.gameservice.Table - Cell is not specified for firstInit piece.
15:44:41.859 ERROR  r.v.c.r.c.gameservice.Table - Cell is not specified for firstInit piece.
15:44:41.859 ERROR  r.v.c.r.c.gameservice.Table - Cell is not specified for firstInit piece.
15:44:41.859 ERROR  r.v.c.r.c.gameservice.Table - Cell is not specified for firstInit piece.
15:44:41.859 ERROR  r.v.c.r.c.gameservice.Table - Cell is not specified for firstInit piece.
15:44:41.859 ERROR  r.v.c.r.c.gameservice.Table - Cell is not specified for firstInit piece.
15:44:41.859 ERROR  r.v.c.r.c.gameservice.Table - Cell is not specified for firstInit piece.
15:44:41.859 ERROR  r.v.c.r.c.gameservice.Table - Cell is not specified for firstInit piece.
15:44:41.859 ERROR  r.v.c.r.c.gameservice.Table - Cell is not specified for firstInit piece.
15:44:41.859 ERROR  r.v.c.r.c.gameservice.Table - Cell is not specified for firstInit piece.
15:44:41.859 ERROR  r.v.c.r.c.gameservice.Table - Cell is not specified for firstInit piece.
15:44:41.859 ERROR  r.v.c.r.c.gameservice.Table - Cell is not specified for firstInit piece.
15:44:41.860 ERROR  r.v.c.r.c.gameservice.Table - Cell is not specified for firstInit piece.
15:44:41.860 ERROR  r.v.c.r.c.gameservice.Table - Cell is not specified for firstInit piece.
15:44:41.860 ERROR  r.v.c.r.c.gameservice.Table - Cell is not specified for firstInit piece.
15:44:41.860 ERROR  r.v.c.r.c.gameservice.Table - Cell is not specified for firstInit piece.
15:44:41.860 ERROR  r.v.c.r.c.gameservice.Table - Cell is not specified for firstInit piece.
15:44:41.860 ERROR  r.v.c.r.c.gameservice.Table - Cell is not specified for firstInit piece.
15:44:41.860 ERROR  r.v.c.r.c.gameservice.Table - Cell is not specified for firstInit piece.
15:44:41.861 ERROR  r.v.c.r.c.gameservice.Table - Cell is not specified for firstInit piece.
15:44:41.861 ERROR  r.v.c.r.c.gameservice.Table - Cell is not specified for firstInit piece.
15:44:41.861 ERROR  r.v.c.r.c.gameservice.Table - Cell is not specified for firstInit piece.
15:44:41.861 ERROR  r.v.c.r.c.gameservice.Table - Cell is not specified for firstInit piece.
15:44:41.861 ERROR  r.v.c.r.c.gameservice.Table - Cell is not specified for firstInit piece.
15:44:41.861 ERROR  r.v.c.r.c.gameservice.Table - Cell is not specified for firstInit piece.
15:44:41.861 ERROR  r.v.c.r.c.gameservice.Table - Cell is not specified for firstInit piece.
15:44:41.864 INFO   r.v.c.r.c.gameservice.Table - Piece P was put on: A7 successfully.
15:44:41.864 INFO   r.v.c.r.c.gameservice.Table - Piece P was put on: B7 successfully.
15:44:41.864 INFO   r.v.c.r.c.gameservice.Table - Piece P was put on: C7 successfully.
15:44:41.864 INFO   r.v.c.r.c.gameservice.Table - Piece P was put on: D7 successfully.
15:44:41.864 INFO   r.v.c.r.c.gameservice.Table - Piece P was put on: E7 successfully.
15:44:41.864 INFO   r.v.c.r.c.gameservice.Table - Piece P was put on: F7 successfully.
15:44:41.865 INFO   r.v.c.r.c.gameservice.Table - Piece P was put on: G7 successfully.
15:44:41.865 INFO   r.v.c.r.c.gameservice.Table - Piece P was put on: H7 successfully.
15:44:41.868 INFO   r.v.c.r.c.gameservice.Table - Piece R was put on: A8 successfully.
15:44:41.872 INFO   r.v.c.r.c.gameservice.Table - Piece Knt was put on: B8 successfully.
15:44:41.873 INFO   r.v.c.r.c.gameservice.Table - Piece B was put on: C8 successfully.
15:44:41.876 INFO   r.v.c.r.c.gameservice.Table - Piece Q was put on: D8 successfully.
15:44:41.879 INFO   r.v.c.r.c.gameservice.Table - Piece K was put on: E8 successfully.
15:44:41.879 INFO   r.v.c.r.c.gameservice.Table - Piece B was put on: F8 successfully.
15:44:41.880 INFO   r.v.c.r.c.gameservice.Table - Piece Knt was put on: G8 successfully.
15:44:41.880 INFO   r.v.c.r.c.gameservice.Table - Piece R was put on: H8 successfully.
15:44:42.041 INFO   r.v.c.r.c.gameservice.Table - Table was init successfully.
15:44:50.289 INFO   r.v.c.r.c.essence.board.Board - Board init was successful.
15:44:50.308 INFO   r.v.c.r.c.g.Controller - Game was loaded successfully
15:44:52.427 INFO   r.v.c.r.c.essence.board.Board - F7
15:44:53.203 INFO   r.v.c.r.c.g.Controller - Application launched successfully.
16:23:46.996 INFO   r.v.c.r.c.essence.board.Board - Board init was successful.
16:23:47.043 INFO   r.v.c.r.c.gameservice.Table - Piece R was put on: A1 successfully.
16:23:47.048 INFO   r.v.c.r.c.gameservice.Table - Piece Knt was put on: B1 successfully.
16:23:47.053 INFO   r.v.c.r.c.gameservice.Table - Piece B was put on: C1 successfully.
16:23:47.058 INFO   r.v.c.r.c.gameservice.Table - Piece Q was put on: D1 successfully.
16:23:47.063 INFO   r.v.c.r.c.gameservice.Table - Piece K was put on: E1 successfully.
16:23:47.063 INFO   r.v.c.r.c.gameservice.Table - Piece B was put on: F1 successfully.
16:23:47.064 INFO   r.v.c.r.c.gameservice.Table - Piece Knt was put on: G1 successfully.
16:23:47.064 INFO   r.v.c.r.c.gameservice.Table - Piece R was put on: H1 successfully.
16:23:47.068 INFO   r.v.c.r.c.gameservice.Table - Piece P was put on: A2 successfully.
16:23:47.068 INFO   r.v.c.r.c.gameservice.Table - Piece P was put on: B2 successfully.
16:23:47.068 INFO   r.v.c.r.c.gameservice.Table - Piece P was put on: C2 successfully.
16:23:47.068 INFO   r.v.c.r.c.gameservice.Table - Piece P was put on: D2 successfully.
16:23:47.068 INFO   r.v.c.r.c.gameservice.Table - Piece P was put on: E2 successfully.
16:23:47.069 INFO   r.v.c.r.c.gameservice.Table - Piece P was put on: F2 successfully.
16:23:47.069 INFO   r.v.c.r.c.gameservice.Table - Piece P was put on: G2 successfully.
16:23:47.069 INFO   r.v.c.r.c.gameservice.Table - Piece P was put on: H2 successfully.
16:23:47.069 ERROR  r.v.c.r.c.gameservice.Table - Cell is not specified for firstInit piece.
16:23:47.069 ERROR  r.v.c.r.c.gameservice.Table - Cell is not specified for firstInit piece.
16:23:47.070 ERROR  r.v.c.r.c.gameservice.Table - Cell is not specified for firstInit piece.
16:23:47.070 ERROR  r.v.c.r.c.gameservice.Table - Cell is not specified for firstInit piece.
16:23:47.070 ERROR  r.v.c.r.c.gameservice.Table - Cell is not specified for firstInit piece.
16:23:47.070 ERROR  r.v.c.r.c.gameservice.Table - Cell is not specified for firstInit piece.
16:23:47.070 ERROR  r.v.c.r.c.gameservice.Table - Cell is not specified for firstInit piece.
16:23:47.070 ERROR  r.v.c.r.c.gameservice.Table - Cell is not specified for firstInit piece.
16:23:47.070 ERROR  r.v.c.r.c.gameservice.Table - Cell is not specified for firstInit piece.
16:23:47.070 ERROR  r.v.c.r.c.gameservice.Table - Cell is not specified for firstInit piece.
16:23:47.071 ERROR  r.v.c.r.c.gameservice.Table - Cell is not specified for firstInit piece.
16:23:47.071 ERROR  r.v.c.r.c.gameservice.Table - Cell is not specified for firstInit piece.
16:23:47.071 ERROR  r.v.c.r.c.gameservice.Table - Cell is not specified for firstInit piece.
16:23:47.071 ERROR  r.v.c.r.c.gameservice.Table - Cell is not specified for firstInit piece.
16:23:47.071 ERROR  r.v.c.r.c.gameservice.Table - Cell is not specified for firstInit piece.
16:23:47.072 ERROR  r.v.c.r.c.gameservice.Table - Cell is not specified for firstInit piece.
16:23:47.072 ERROR  r.v.c.r.c.gameservice.Table - Cell is not specified for firstInit piece.
16:23:47.072 ERROR  r.v.c.r.c.gameservice.Table - Cell is not specified for firstInit piece.
16:23:47.072 ERROR  r.v.c.r.c.gameservice.Table - Cell is not specified for firstInit piece.
16:23:47.072 ERROR  r.v.c.r.c.gameservice.Table - Cell is not specified for firstInit piece.
16:23:47.072 ERROR  r.v.c.r.c.gameservice.Table - Cell is not specified for firstInit piece.
16:23:47.072 ERROR  r.v.c.r.c.gameservice.Table - Cell is not specified for firstInit piece.
16:23:47.073 ERROR  r.v.c.r.c.gameservice.Table - Cell is not specified for firstInit piece.
16:23:47.073 ERROR  r.v.c.r.c.gameservice.Table - Cell is not specified for firstInit piece.
16:23:47.073 ERROR  r.v.c.r.c.gameservice.Table - Cell is not specified for firstInit piece.
16:23:47.073 ERROR  r.v.c.r.c.gameservice.Table - Cell is not specified for firstInit piece.
16:23:47.074 ERROR  r.v.c.r.c.gameservice.Table - Cell is not specified for firstInit piece.
16:23:47.074 ERROR  r.v.c.r.c.gameservice.Table - Cell is not specified for firstInit piece.
16:23:47.074 ERROR  r.v.c.r.c.gameservice.Table - Cell is not specified for firstInit piece.
16:23:47.074 ERROR  r.v.c.r.c.gameservice.Table - Cell is not specified for firstInit piece.
16:23:47.074 ERROR  r.v.c.r.c.gameservice.Table - Cell is not specified for firstInit piece.
16:23:47.074 ERROR  r.v.c.r.c.gameservice.Table - Cell is not specified for firstInit piece.
16:23:47.077 INFO   r.v.c.r.c.gameservice.Table - Piece P was put on: A7 successfully.
16:23:47.077 INFO   r.v.c.r.c.gameservice.Table - Piece P was put on: B7 successfully.
16:23:47.077 INFO   r.v.c.r.c.gameservice.Table - Piece P was put on: C7 successfully.
16:23:47.078 INFO   r.v.c.r.c.gameservice.Table - Piece P was put on: D7 successfully.
16:23:47.078 INFO   r.v.c.r.c.gameservice.Table - Piece P was put on: E7 successfully.
16:23:47.078 INFO   r.v.c.r.c.gameservice.Table - Piece P was put on: F7 successfully.
16:23:47.078 INFO   r.v.c.r.c.gameservice.Table - Piece P was put on: G7 successfully.
16:23:47.078 INFO   r.v.c.r.c.gameservice.Table - Piece P was put on: H7 successfully.
16:23:47.082 INFO   r.v.c.r.c.gameservice.Table - Piece R was put on: A8 successfully.
16:23:47.086 INFO   r.v.c.r.c.gameservice.Table - Piece Knt was put on: B8 successfully.
16:23:47.088 INFO   r.v.c.r.c.gameservice.Table - Piece B was put on: C8 successfully.
16:23:47.091 INFO   r.v.c.r.c.gameservice.Table - Piece Q was put on: D8 successfully.
16:23:47.095 INFO   r.v.c.r.c.gameservice.Table - Piece K was put on: E8 successfully.
16:23:47.095 INFO   r.v.c.r.c.gameservice.Table - Piece B was put on: F8 successfully.
16:23:47.095 INFO   r.v.c.r.c.gameservice.Table - Piece Knt was put on: G8 successfully.
16:23:47.095 INFO   r.v.c.r.c.gameservice.Table - Piece R was put on: H8 successfully.
16:23:47.343 INFO   r.v.c.r.c.gameservice.Table - Table was init successfully.
16:23:53.136 INFO   r.v.c.r.c.essence.board.Board - Board init was successful.
16:23:58.473 INFO   r.v.c.r.c.essence.board.Board - D2
16:23:58.477 INFO   r.v.c.r.c.essence.board.Board - D6
16:23:58.477 INFO   r.v.c.r.c.essence.board.Board - F6
16:23:58.495 INFO   r.v.c.r.c.g.Controller - Game was loaded successfully
16:27:50.213 INFO   r.v.c.r.c.essence.board.Board - Board init was successful.
16:27:50.276 INFO   r.v.c.r.c.gameservice.Table - Piece R was put on: A1 successfully.
16:27:50.283 INFO   r.v.c.r.c.gameservice.Table - Piece Knt was put on: B1 successfully.
16:27:50.288 INFO   r.v.c.r.c.gameservice.Table - Piece B was put on: C1 successfully.
16:27:50.292 INFO   r.v.c.r.c.gameservice.Table - Piece Q was put on: D1 successfully.
16:27:50.296 INFO   r.v.c.r.c.gameservice.Table - Piece K was put on: E1 successfully.
16:27:50.296 INFO   r.v.c.r.c.gameservice.Table - Piece B was put on: F1 successfully.
16:27:50.297 INFO   r.v.c.r.c.gameservice.Table - Piece Knt was put on: G1 successfully.
16:27:50.297 INFO   r.v.c.r.c.gameservice.Table - Piece R was put on: H1 successfully.
16:27:50.302 INFO   r.v.c.r.c.gameservice.Table - Piece P was put on: A2 successfully.
16:27:50.303 INFO   r.v.c.r.c.gameservice.Table - Piece P was put on: B2 successfully.
16:27:50.303 INFO   r.v.c.r.c.gameservice.Table - Piece P was put on: C2 successfully.
16:27:50.303 INFO   r.v.c.r.c.gameservice.Table - Piece P was put on: D2 successfully.
16:27:50.303 INFO   r.v.c.r.c.gameservice.Table - Piece P was put on: E2 successfully.
16:27:50.304 INFO   r.v.c.r.c.gameservice.Table - Piece P was put on: F2 successfully.
16:27:50.304 INFO   r.v.c.r.c.gameservice.Table - Piece P was put on: G2 successfully.
16:27:50.304 INFO   r.v.c.r.c.gameservice.Table - Piece P was put on: H2 successfully.
16:27:50.305 ERROR  r.v.c.r.c.gameservice.Table - Cell is not specified for firstInit piece.
16:27:50.305 ERROR  r.v.c.r.c.gameservice.Table - Cell is not specified for firstInit piece.
16:27:50.305 ERROR  r.v.c.r.c.gameservice.Table - Cell is not specified for firstInit piece.
16:27:50.305 ERROR  r.v.c.r.c.gameservice.Table - Cell is not specified for firstInit piece.
16:27:50.305 ERROR  r.v.c.r.c.gameservice.Table - Cell is not specified for firstInit piece.
16:27:50.305 ERROR  r.v.c.r.c.gameservice.Table - Cell is not specified for firstInit piece.
16:27:50.306 ERROR  r.v.c.r.c.gameservice.Table - Cell is not specified for firstInit piece.
16:27:50.306 ERROR  r.v.c.r.c.gameservice.Table - Cell is not specified for firstInit piece.
16:27:50.306 ERROR  r.v.c.r.c.gameservice.Table - Cell is not specified for firstInit piece.
16:27:50.306 ERROR  r.v.c.r.c.gameservice.Table - Cell is not specified for firstInit piece.
16:27:50.306 ERROR  r.v.c.r.c.gameservice.Table - Cell is not specified for firstInit piece.
16:27:50.306 ERROR  r.v.c.r.c.gameservice.Table - Cell is not specified for firstInit piece.
16:27:50.306 ERROR  r.v.c.r.c.gameservice.Table - Cell is not specified for firstInit piece.
16:27:50.306 ERROR  r.v.c.r.c.gameservice.Table - Cell is not specified for firstInit piece.
16:27:50.307 ERROR  r.v.c.r.c.gameservice.Table - Cell is not specified for firstInit piece.
16:27:50.307 ERROR  r.v.c.r.c.gameservice.Table - Cell is not specified for firstInit piece.
16:27:50.307 ERROR  r.v.c.r.c.gameservice.Table - Cell is not specified for firstInit piece.
16:27:50.307 ERROR  r.v.c.r.c.gameservice.Table - Cell is not specified for firstInit piece.
16:27:50.307 ERROR  r.v.c.r.c.gameservice.Table - Cell is not specified for firstInit piece.
16:27:50.307 ERROR  r.v.c.r.c.gameservice.Table - Cell is not specified for firstInit piece.
16:27:50.307 ERROR  r.v.c.r.c.gameservice.Table - Cell is not specified for firstInit piece.
16:27:50.308 ERROR  r.v.c.r.c.gameservice.Table - Cell is not specified for firstInit piece.
16:27:50.308 ERROR  r.v.c.r.c.gameservice.Table - Cell is not specified for firstInit piece.
16:27:50.308 ERROR  r.v.c.r.c.gameservice.Table - Cell is not specified for firstInit piece.
16:27:50.308 ERROR  r.v.c.r.c.gameservice.Table - Cell is not specified for firstInit piece.
16:27:50.308 ERROR  r.v.c.r.c.gameservice.Table - Cell is not specified for firstInit piece.
16:27:50.308 ERROR  r.v.c.r.c.gameservice.Table - Cell is not specified for firstInit piece.
16:27:50.308 ERROR  r.v.c.r.c.gameservice.Table - Cell is not specified for firstInit piece.
16:27:50.308 ERROR  r.v.c.r.c.gameservice.Table - Cell is not specified for firstInit piece.
16:27:50.308 ERROR  r.v.c.r.c.gameservice.Table - Cell is not specified for firstInit piece.
16:27:50.309 ERROR  r.v.c.r.c.gameservice.Table - Cell is not specified for firstInit piece.
16:27:50.309 ERROR  r.v.c.r.c.gameservice.Table - Cell is not specified for firstInit piece.
16:27:50.312 INFO   r.v.c.r.c.gameservice.Table - Piece P was put on: A7 successfully.
16:27:50.312 INFO   r.v.c.r.c.gameservice.Table - Piece P was put on: B7 successfully.
16:27:50.312 INFO   r.v.c.r.c.gameservice.Table - Piece P was put on: C7 successfully.
16:27:50.313 INFO   r.v.c.r.c.gameservice.Table - Piece P was put on: D7 successfully.
16:27:50.313 INFO   r.v.c.r.c.gameservice.Table - Piece P was put on: E7 successfully.
16:27:50.313 INFO   r.v.c.r.c.gameservice.Table - Piece P was put on: F7 successfully.
16:27:50.313 INFO   r.v.c.r.c.gameservice.Table - Piece P was put on: G7 successfully.
16:27:50.314 INFO   r.v.c.r.c.gameservice.Table - Piece P was put on: H7 successfully.
16:27:50.318 INFO   r.v.c.r.c.gameservice.Table - Piece R was put on: A8 successfully.
16:27:50.321 INFO   r.v.c.r.c.gameservice.Table - Piece Knt was put on: B8 successfully.
16:27:50.323 INFO   r.v.c.r.c.gameservice.Table - Piece B was put on: C8 successfully.
16:27:50.325 INFO   r.v.c.r.c.gameservice.Table - Piece Q was put on: D8 successfully.
16:27:50.327 INFO   r.v.c.r.c.gameservice.Table - Piece K was put on: E8 successfully.
16:27:50.328 INFO   r.v.c.r.c.gameservice.Table - Piece B was put on: F8 successfully.
16:27:50.328 INFO   r.v.c.r.c.gameservice.Table - Piece Knt was put on: G8 successfully.
16:27:50.330 INFO   r.v.c.r.c.gameservice.Table - Piece R was put on: H8 successfully.
16:27:50.593 INFO   r.v.c.r.c.gameservice.Table - Table was init successfully.
16:27:56.767 INFO   r.v.c.r.c.essence.board.Board - Board init was successful.
16:45:08.437 INFO   r.v.c.r.c.essence.board.Board - D2
16:45:08.448 INFO   r.v.c.r.c.essence.board.Board - D6
16:45:08.449 INFO   r.v.c.r.c.essence.board.Board - F6
16:45:08.487 INFO   r.v.c.r.c.g.Controller - Game was loaded successfully
23:41:23.934 INFO   r.v.c.r.c.essence.board.Board - Board init was successful.
23:41:24.028 INFO   r.v.c.r.c.gameservice.Table - Piece R was put on: A1 successfully.
23:41:24.034 INFO   r.v.c.r.c.gameservice.Table - Piece Knt was put on: B1 successfully.
23:41:24.039 INFO   r.v.c.r.c.gameservice.Table - Piece B was put on: C1 successfully.
23:41:24.044 INFO   r.v.c.r.c.gameservice.Table - Piece Q was put on: D1 successfully.
23:41:24.049 INFO   r.v.c.r.c.gameservice.Table - Piece K was put on: E1 successfully.
23:41:24.050 INFO   r.v.c.r.c.gameservice.Table - Piece B was put on: F1 successfully.
23:41:24.050 INFO   r.v.c.r.c.gameservice.Table - Piece Knt was put on: G1 successfully.
23:41:24.050 INFO   r.v.c.r.c.gameservice.Table - Piece R was put on: H1 successfully.
23:41:24.054 INFO   r.v.c.r.c.gameservice.Table - Piece P was put on: A2 successfully.
23:41:24.054 INFO   r.v.c.r.c.gameservice.Table - Piece P was put on: B2 successfully.
23:41:24.055 INFO   r.v.c.r.c.gameservice.Table - Piece P was put on: C2 successfully.
23:41:24.055 INFO   r.v.c.r.c.gameservice.Table - Piece P was put on: D2 successfully.
23:41:24.055 INFO   r.v.c.r.c.gameservice.Table - Piece P was put on: E2 successfully.
23:41:24.055 INFO   r.v.c.r.c.gameservice.Table - Piece P was put on: F2 successfully.
23:41:24.055 INFO   r.v.c.r.c.gameservice.Table - Piece P was put on: G2 successfully.
23:41:24.055 INFO   r.v.c.r.c.gameservice.Table - Piece P was put on: H2 successfully.
23:41:24.055 ERROR  r.v.c.r.c.gameservice.Table - Cell is not specified for firstInit piece.
23:41:24.056 ERROR  r.v.c.r.c.gameservice.Table - Cell is not specified for firstInit piece.
23:41:24.056 ERROR  r.v.c.r.c.gameservice.Table - Cell is not specified for firstInit piece.
23:41:24.056 ERROR  r.v.c.r.c.gameservice.Table - Cell is not specified for firstInit piece.
23:41:24.056 ERROR  r.v.c.r.c.gameservice.Table - Cell is not specified for firstInit piece.
23:41:24.056 ERROR  r.v.c.r.c.gameservice.Table - Cell is not specified for firstInit piece.
23:41:24.056 ERROR  r.v.c.r.c.gameservice.Table - Cell is not specified for firstInit piece.
23:41:24.056 ERROR  r.v.c.r.c.gameservice.Table - Cell is not specified for firstInit piece.
23:41:24.056 ERROR  r.v.c.r.c.gameservice.Table - Cell is not specified for firstInit piece.
23:41:24.056 ERROR  r.v.c.r.c.gameservice.Table - Cell is not specified for firstInit piece.
23:41:24.056 ERROR  r.v.c.r.c.gameservice.Table - Cell is not specified for firstInit piece.
23:41:24.056 ERROR  r.v.c.r.c.gameservice.Table - Cell is not specified for firstInit piece.
23:41:24.057 ERROR  r.v.c.r.c.gameservice.Table - Cell is not specified for firstInit piece.
23:41:24.057 ERROR  r.v.c.r.c.gameservice.Table - Cell is not specified for firstInit piece.
23:41:24.057 ERROR  r.v.c.r.c.gameservice.Table - Cell is not specified for firstInit piece.
23:41:24.057 ERROR  r.v.c.r.c.gameservice.Table - Cell is not specified for firstInit piece.
23:41:24.057 ERROR  r.v.c.r.c.gameservice.Table - Cell is not specified for firstInit piece.
23:41:24.057 ERROR  r.v.c.r.c.gameservice.Table - Cell is not specified for firstInit piece.
23:41:24.057 ERROR  r.v.c.r.c.gameservice.Table - Cell is not specified for firstInit piece.
23:41:24.057 ERROR  r.v.c.r.c.gameservice.Table - Cell is not specified for firstInit piece.
23:41:24.057 ERROR  r.v.c.r.c.gameservice.Table - Cell is not specified for firstInit piece.
23:41:24.057 ERROR  r.v.c.r.c.gameservice.Table - Cell is not specified for firstInit piece.
23:41:24.058 ERROR  r.v.c.r.c.gameservice.Table - Cell is not specified for firstInit piece.
23:41:24.058 ERROR  r.v.c.r.c.gameservice.Table - Cell is not specified for firstInit piece.
23:41:24.058 ERROR  r.v.c.r.c.gameservice.Table - Cell is not specified for firstInit piece.
23:41:24.058 ERROR  r.v.c.r.c.gameservice.Table - Cell is not specified for firstInit piece.
23:41:24.058 ERROR  r.v.c.r.c.gameservice.Table - Cell is not specified for firstInit piece.
23:41:24.058 ERROR  r.v.c.r.c.gameservice.Table - Cell is not specified for firstInit piece.
23:41:24.058 ERROR  r.v.c.r.c.gameservice.Table - Cell is not specified for firstInit piece.
23:41:24.058 ERROR  r.v.c.r.c.gameservice.Table - Cell is not specified for firstInit piece.
23:41:24.059 ERROR  r.v.c.r.c.gameservice.Table - Cell is not specified for firstInit piece.
23:41:24.059 ERROR  r.v.c.r.c.gameservice.Table - Cell is not specified for firstInit piece.
23:41:24.062 INFO   r.v.c.r.c.gameservice.Table - Piece P was put on: A7 successfully.
23:41:24.062 INFO   r.v.c.r.c.gameservice.Table - Piece P was put on: B7 successfully.
23:41:24.063 INFO   r.v.c.r.c.gameservice.Table - Piece P was put on: C7 successfully.
23:41:24.063 INFO   r.v.c.r.c.gameservice.Table - Piece P was put on: D7 successfully.
23:41:24.063 INFO   r.v.c.r.c.gameservice.Table - Piece P was put on: E7 successfully.
23:41:24.063 INFO   r.v.c.r.c.gameservice.Table - Piece P was put on: F7 successfully.
23:41:24.063 INFO   r.v.c.r.c.gameservice.Table - Piece P was put on: G7 successfully.
23:41:24.064 INFO   r.v.c.r.c.gameservice.Table - Piece P was put on: H7 successfully.
23:41:24.068 INFO   r.v.c.r.c.gameservice.Table - Piece R was put on: A8 successfully.
23:41:24.071 INFO   r.v.c.r.c.gameservice.Table - Piece Knt was put on: B8 successfully.
23:41:24.074 INFO   r.v.c.r.c.gameservice.Table - Piece B was put on: C8 successfully.
23:41:24.076 INFO   r.v.c.r.c.gameservice.Table - Piece Q was put on: D8 successfully.
23:41:24.080 INFO   r.v.c.r.c.gameservice.Table - Piece K was put on: E8 successfully.
23:41:24.080 INFO   r.v.c.r.c.gameservice.Table - Piece B was put on: F8 successfully.
23:41:24.080 INFO   r.v.c.r.c.gameservice.Table - Piece Knt was put on: G8 successfully.
23:41:24.080 INFO   r.v.c.r.c.gameservice.Table - Piece R was put on: H8 successfully.
23:41:24.337 INFO   r.v.c.r.c.gameservice.Table - Table was init successfully.
23:41:37.786 INFO   r.v.c.r.c.essence.board.Board - F7
23:50:30.048 INFO   r.v.c.r.c.essence.board.Board - Board init was successful.
23:50:30.089 INFO   r.v.c.r.c.gameservice.Table - Piece R was put on: A1 successfully.
23:50:30.095 INFO   r.v.c.r.c.gameservice.Table - Piece Knt was put on: B1 successfully.
23:50:30.099 INFO   r.v.c.r.c.gameservice.Table - Piece B was put on: C1 successfully.
23:50:30.103 INFO   r.v.c.r.c.gameservice.Table - Piece Q was put on: D1 successfully.
23:50:30.107 INFO   r.v.c.r.c.gameservice.Table - Piece K was put on: E1 successfully.
23:50:30.108 INFO   r.v.c.r.c.gameservice.Table - Piece B was put on: F1 successfully.
23:50:30.108 INFO   r.v.c.r.c.gameservice.Table - Piece Knt was put on: G1 successfully.
23:50:30.108 INFO   r.v.c.r.c.gameservice.Table - Piece R was put on: H1 successfully.
23:50:30.113 INFO   r.v.c.r.c.gameservice.Table - Piece P was put on: A2 successfully.
23:50:30.113 INFO   r.v.c.r.c.gameservice.Table - Piece P was put on: B2 successfully.
23:50:30.114 INFO   r.v.c.r.c.gameservice.Table - Piece P was put on: C2 successfully.
23:50:30.114 INFO   r.v.c.r.c.gameservice.Table - Piece P was put on: D2 successfully.
23:50:30.114 INFO   r.v.c.r.c.gameservice.Table - Piece P was put on: E2 successfully.
23:50:30.114 INFO   r.v.c.r.c.gameservice.Table - Piece P was put on: F2 successfully.
23:50:30.114 INFO   r.v.c.r.c.gameservice.Table - Piece P was put on: G2 successfully.
23:50:30.115 INFO   r.v.c.r.c.gameservice.Table - Piece P was put on: H2 successfully.
23:50:30.115 ERROR  r.v.c.r.c.gameservice.Table - Cell is not specified for firstInit piece.
23:50:30.115 ERROR  r.v.c.r.c.gameservice.Table - Cell is not specified for firstInit piece.
23:50:30.115 ERROR  r.v.c.r.c.gameservice.Table - Cell is not specified for firstInit piece.
23:50:30.116 ERROR  r.v.c.r.c.gameservice.Table - Cell is not specified for firstInit piece.
23:50:30.116 ERROR  r.v.c.r.c.gameservice.Table - Cell is not specified for firstInit piece.
23:50:30.116 ERROR  r.v.c.r.c.gameservice.Table - Cell is not specified for firstInit piece.
23:50:30.116 ERROR  r.v.c.r.c.gameservice.Table - Cell is not specified for firstInit piece.
23:50:30.116 ERROR  r.v.c.r.c.gameservice.Table - Cell is not specified for firstInit piece.
23:50:30.116 ERROR  r.v.c.r.c.gameservice.Table - Cell is not specified for firstInit piece.
23:50:30.117 ERROR  r.v.c.r.c.gameservice.Table - Cell is not specified for firstInit piece.
23:50:30.117 ERROR  r.v.c.r.c.gameservice.Table - Cell is not specified for firstInit piece.
23:50:30.117 ERROR  r.v.c.r.c.gameservice.Table - Cell is not specified for firstInit piece.
23:50:30.117 ERROR  r.v.c.r.c.gameservice.Table - Cell is not specified for firstInit piece.
23:50:30.117 ERROR  r.v.c.r.c.gameservice.Table - Cell is not specified for firstInit piece.
23:50:30.117 ERROR  r.v.c.r.c.gameservice.Table - Cell is not specified for firstInit piece.
23:50:30.118 ERROR  r.v.c.r.c.gameservice.Table - Cell is not specified for firstInit piece.
23:50:30.118 ERROR  r.v.c.r.c.gameservice.Table - Cell is not specified for firstInit piece.
23:50:30.118 ERROR  r.v.c.r.c.gameservice.Table - Cell is not specified for firstInit piece.
23:50:30.118 ERROR  r.v.c.r.c.gameservice.Table - Cell is not specified for firstInit piece.
23:50:30.118 ERROR  r.v.c.r.c.gameservice.Table - Cell is not specified for firstInit piece.
23:50:30.118 ERROR  r.v.c.r.c.gameservice.Table - Cell is not specified for firstInit piece.
23:50:30.118 ERROR  r.v.c.r.c.gameservice.Table - Cell is not specified for firstInit piece.
23:50:30.118 ERROR  r.v.c.r.c.gameservice.Table - Cell is not specified for firstInit piece.
23:50:30.118 ERROR  r.v.c.r.c.gameservice.Table - Cell is not specified for firstInit piece.
23:50:30.118 ERROR  r.v.c.r.c.gameservice.Table - Cell is not specified for firstInit piece.
23:50:30.118 ERROR  r.v.c.r.c.gameservice.Table - Cell is not specified for firstInit piece.
23:50:30.119 ERROR  r.v.c.r.c.gameservice.Table - Cell is not specified for firstInit piece.
23:50:30.119 ERROR  r.v.c.r.c.gameservice.Table - Cell is not specified for firstInit piece.
23:50:30.119 ERROR  r.v.c.r.c.gameservice.Table - Cell is not specified for firstInit piece.
23:50:30.119 ERROR  r.v.c.r.c.gameservice.Table - Cell is not specified for firstInit piece.
23:50:30.119 ERROR  r.v.c.r.c.gameservice.Table - Cell is not specified for firstInit piece.
23:50:30.119 ERROR  r.v.c.r.c.gameservice.Table - Cell is not specified for firstInit piece.
23:50:30.122 INFO   r.v.c.r.c.gameservice.Table - Piece P was put on: A7 successfully.
23:50:30.122 INFO   r.v.c.r.c.gameservice.Table - Piece P was put on: B7 successfully.
23:50:30.122 INFO   r.v.c.r.c.gameservice.Table - Piece P was put on: C7 successfully.
23:50:30.123 INFO   r.v.c.r.c.gameservice.Table - Piece P was put on: D7 successfully.
23:50:30.123 INFO   r.v.c.r.c.gameservice.Table - Piece P was put on: E7 successfully.
23:50:30.123 INFO   r.v.c.r.c.gameservice.Table - Piece P was put on: F7 successfully.
23:50:30.123 INFO   r.v.c.r.c.gameservice.Table - Piece P was put on: G7 successfully.
23:50:30.123 INFO   r.v.c.r.c.gameservice.Table - Piece P was put on: H7 successfully.
23:50:30.127 INFO   r.v.c.r.c.gameservice.Table - Piece R was put on: A8 successfully.
23:50:30.131 INFO   r.v.c.r.c.gameservice.Table - Piece Knt was put on: B8 successfully.
23:50:30.133 INFO   r.v.c.r.c.gameservice.Table - Piece B was put on: C8 successfully.
23:50:30.135 INFO   r.v.c.r.c.gameservice.Table - Piece Q was put on: D8 successfully.
23:50:30.137 INFO   r.v.c.r.c.gameservice.Table - Piece K was put on: E8 successfully.
23:50:30.138 INFO   r.v.c.r.c.gameservice.Table - Piece B was put on: F8 successfully.
23:50:30.138 INFO   r.v.c.r.c.gameservice.Table - Piece Knt was put on: G8 successfully.
23:50:30.138 INFO   r.v.c.r.c.gameservice.Table - Piece R was put on: H8 successfully.
23:50:30.326 INFO   r.v.c.r.c.gameservice.Table - Table was init successfully.
23:50:35.613 INFO   r.v.c.r.c.essence.board.Board - Board init was successful.
23:50:35.625 INFO   r.v.c.r.c.essence.board.Board - D2
23:50:35.627 INFO   r.v.c.r.c.essence.board.Board - D6
23:50:35.628 INFO   r.v.c.r.c.essence.board.Board - F6
23:50:35.637 INFO   r.v.c.r.c.g.Controller - Game was loaded successfully
23:50:42.781 INFO   r.v.c.r.c.essence.board.Board - Board init was successful.
23:50:42.794 INFO   r.v.c.r.c.g.Controller - Game was loaded successfully
23:50:48.940 INFO   r.v.c.r.c.essence.board.Board - F7
23:50:51.027 INFO   r.v.c.r.c.essence.board.Board - D2
23:50:51.027 INFO   r.v.c.r.c.essence.board.Board - F7
23:50:52.138 INFO   r.v.c.r.c.essence.board.Board - D2
23:50:53.505 INFO   r.v.c.r.c.essence.board.Board - D2
23:50:55.206 INFO   r.v.c.r.c.essence.board.Board - D2
23:50:56.302 INFO   r.v.c.r.c.essence.board.Board - D2
23:50:58.980 INFO   r.v.c.r.c.essence.board.Board - D2
23:50:58.981 INFO   r.v.c.r.c.essence.board.Board - F7
23:50:58.981 INFO   r.v.c.r.c.essence.board.Board - D7
23:50:58.981 INFO   r.v.c.r.c.essence.board.Board - D8
23:51:01.335 INFO   r.v.c.r.c.essence.board.Board - D1
23:51:01.335 INFO   r.v.c.r.c.essence.board.Board - F7
23:51:01.335 INFO   r.v.c.r.c.essence.board.Board - D7
23:51:01.335 INFO   r.v.c.r.c.essence.board.Board - D8
23:51:11.286 INFO   r.v.c.r.c.essence.board.Board - D1
23:51:11.286 INFO   r.v.c.r.c.essence.board.Board - D7
23:51:13.796 INFO   r.v.c.r.c.essence.board.Board - D1
23:51:13.796 INFO   r.v.c.r.c.essence.board.Board - E8
23:51:16.420 INFO   r.v.c.r.c.essence.board.Board - D1
23:51:16.421 INFO   r.v.c.r.c.essence.board.Board - F6
23:51:16.421 INFO   r.v.c.r.c.essence.board.Board - G8
23:51:16.421 INFO   r.v.c.r.c.essence.board.Board - E8
23:51:18.108 INFO   r.v.c.r.c.essence.board.Board - D1
23:51:18.109 INFO   r.v.c.r.c.essence.board.Board - F7
23:51:18.109 INFO   r.v.c.r.c.essence.board.Board - F6
23:51:19.235 INFO   r.v.c.r.c.essence.board.Board - D1
23:51:19.235 INFO   r.v.c.r.c.essence.board.Board - F7
23:51:19.235 INFO   r.v.c.r.c.essence.board.Board - D5
23:51:20.773 INFO   r.v.c.r.c.essence.board.Board - D1
23:51:23.374 INFO   r.v.c.r.c.essence.board.Board - D1
23:51:23.374 INFO   r.v.c.r.c.essence.board.Board - D5
23:51:24.244 INFO   r.v.c.r.c.essence.board.Board - D1
23:51:24.245 INFO   r.v.c.r.c.essence.board.Board - F5
23:51:24.245 INFO   r.v.c.r.c.essence.board.Board - D5
23:51:25.602 INFO   r.v.c.r.c.essence.board.Board - D1
23:51:25.603 INFO   r.v.c.r.c.essence.board.Board - F6
23:51:25.603 INFO   r.v.c.r.c.essence.board.Board - D6
23:51:27.316 INFO   r.v.c.r.c.essence.board.Board - D1
23:51:27.317 INFO   r.v.c.r.c.essence.board.Board - E2
23:51:27.317 INFO   r.v.c.r.c.essence.board.Board - F6
23:51:27.317 INFO   r.v.c.r.c.essence.board.Board - D6
23:51:37.498 INFO   r.v.c.r.c.essence.board.Board - D1
23:51:37.498 INFO   r.v.c.r.c.essence.board.Board - E2
23:51:37.498 INFO   r.v.c.r.c.essence.board.Board - F6
23:51:37.498 INFO   r.v.c.r.c.essence.board.Board - D6
23:51:40.113 INFO   r.v.c.r.c.essence.board.Board - D1
23:51:40.114 INFO   r.v.c.r.c.essence.board.Board - E2
23:51:40.114 INFO   r.v.c.r.c.essence.board.Board - C4
23:51:40.114 INFO   r.v.c.r.c.essence.board.Board - D6
23:51:41.007 INFO   r.v.c.r.c.essence.board.Board - D1
23:51:41.007 INFO   r.v.c.r.c.essence.board.Board - E2
23:51:41.007 INFO   r.v.c.r.c.essence.board.Board - C4
23:51:49.592 INFO   r.v.c.r.c.essence.board.Board - D1
23:51:49.592 INFO   r.v.c.r.c.essence.board.Board - C4
23:51:50.702 INFO   r.v.c.r.c.essence.board.Board - D1
23:51:50.702 INFO   r.v.c.r.c.essence.board.Board - C4
23:51:53.030 INFO   r.v.c.r.c.essence.board.Board - F2
23:51:53.030 INFO   r.v.c.r.c.essence.board.Board - C4
23:51:55.050 INFO   r.v.c.r.c.essence.board.Board - F2
23:51:55.051 INFO   r.v.c.r.c.essence.board.Board - C4
23:51:56.016 INFO   r.v.c.r.c.essence.board.Board - F2
23:51:56.016 INFO   r.v.c.r.c.essence.board.Board - C4
23:52:01.859 INFO   r.v.c.r.c.essence.board.Board - F2
23:52:01.859 INFO   r.v.c.r.c.essence.board.Board - C4
23:52:03.152 INFO   r.v.c.r.c.essence.board.Board - E2
23:52:03.153 INFO   r.v.c.r.c.essence.board.Board - F2
23:52:03.153 INFO   r.v.c.r.c.essence.board.Board - D1
23:52:04.372 INFO   r.v.c.r.c.essence.board.Board - E2
23:52:04.372 INFO   r.v.c.r.c.essence.board.Board - D3
23:52:04.372 INFO   r.v.c.r.c.essence.board.Board - E1
23:52:04.372 INFO   r.v.c.r.c.essence.board.Board - D1
23:52:05.595 INFO   r.v.c.r.c.essence.board.Board - E2
23:52:05.595 INFO   r.v.c.r.c.essence.board.Board - D3
23:52:05.595 INFO   r.v.c.r.c.essence.board.Board - E1
23:52:05.595 INFO   r.v.c.r.c.essence.board.Board - D1
23:52:06.935 INFO   r.v.c.r.c.essence.board.Board - E2
23:52:06.935 INFO   r.v.c.r.c.essence.board.Board - D3
23:52:06.935 INFO   r.v.c.r.c.essence.board.Board - F2
23:52:06.935 INFO   r.v.c.r.c.essence.board.Board - F3
23:52:06.935 INFO   r.v.c.r.c.essence.board.Board - F4
23:52:06.935 INFO   r.v.c.r.c.essence.board.Board - E4
23:52:08.786 INFO   r.v.c.r.c.essence.board.Board - E2
23:52:08.786 INFO   r.v.c.r.c.essence.board.Board - D3
23:52:08.786 INFO   r.v.c.r.c.essence.board.Board - F2
23:52:08.786 INFO   r.v.c.r.c.essence.board.Board - F3
23:52:08.786 INFO   r.v.c.r.c.essence.board.Board - F4
23:52:10.443 INFO   r.v.c.r.c.essence.board.Board - E2
23:52:10.443 INFO   r.v.c.r.c.essence.board.Board - D3
23:52:10.443 INFO   r.v.c.r.c.essence.board.Board - E1
23:52:10.443 INFO   r.v.c.r.c.essence.board.Board - D1
23:52:10.443 INFO   r.v.c.r.c.essence.board.Board - E3
23:52:12.318 INFO   r.v.c.r.c.essence.board.Board - E3
23:52:12.318 INFO   r.v.c.r.c.essence.board.Board - E1
23:52:12.318 INFO   r.v.c.r.c.essence.board.Board - E2
23:52:14.067 INFO   r.v.c.r.c.essence.board.Board - D4
23:52:14.068 INFO   r.v.c.r.c.essence.board.Board - D2
23:52:15.555 INFO   r.v.c.r.c.essence.board.Board - D4
23:52:15.555 INFO   r.v.c.r.c.essence.board.Board - D2
23:52:15.555 INFO   r.v.c.r.c.essence.board.Board - B3
23:52:18.063 INFO   r.v.c.r.c.essence.board.Board - B5
23:52:18.063 INFO   r.v.c.r.c.essence.board.Board - B3
23:52:20.711 INFO   r.v.c.r.c.essence.board.Board - B3
23:52:20.711 INFO   r.v.c.r.c.essence.board.Board - A4
23:52:20.711 INFO   r.v.c.r.c.essence.board.Board - C3
23:52:20.711 INFO   r.v.c.r.c.essence.board.Board - C4
23:52:20.711 INFO   r.v.c.r.c.essence.board.Board - C5
23:52:20.711 INFO   r.v.c.r.c.essence.board.Board - B5
23:52:21.953 INFO   r.v.c.r.c.essence.board.Board - B3
23:52:21.953 INFO   r.v.c.r.c.essence.board.Board - A4
23:52:26.123 INFO   r.v.c.r.c.essence.board.Board - B3
23:52:26.123 INFO   r.v.c.r.c.essence.board.Board - A4
23:52:28.191 INFO   r.v.c.r.c.essence.board.Board - B3
23:52:28.191 INFO   r.v.c.r.c.essence.board.Board - A4
23:52:28.191 INFO   r.v.c.r.c.essence.board.Board - C3
23:52:28.191 INFO   r.v.c.r.c.essence.board.Board - C4
23:52:28.191 INFO   r.v.c.r.c.essence.board.Board - C5
23:52:28.191 INFO   r.v.c.r.c.essence.board.Board - A3
23:52:29.009 INFO   r.v.c.r.c.essence.board.Board - A5
23:52:29.010 INFO   r.v.c.r.c.essence.board.Board - C4
23:52:29.010 INFO   r.v.c.r.c.essence.board.Board - C5
23:52:29.010 INFO   r.v.c.r.c.essence.board.Board - B3
23:52:29.010 INFO   r.v.c.r.c.essence.board.Board - A3
23:52:29.010 INFO   r.v.c.r.c.essence.board.Board - C3
23:52:32.530 INFO   r.v.c.r.c.essence.board.Board - B4
23:52:32.530 INFO   r.v.c.r.c.essence.board.Board - A5
23:52:32.530 INFO   r.v.c.r.c.essence.board.Board - B3
23:52:32.530 INFO   r.v.c.r.c.essence.board.Board - A3
23:52:38.620 INFO   r.v.c.r.c.essence.board.Board - B4
23:52:38.620 INFO   r.v.c.r.c.essence.board.Board - A5
23:52:38.620 INFO   r.v.c.r.c.essence.board.Board - B3
23:52:38.620 INFO   r.v.c.r.c.essence.board.Board - A3
23:52:46.067 INFO   r.v.c.r.c.essence.board.Board - B4
23:52:46.067 INFO   r.v.c.r.c.essence.board.Board - A5
23:52:46.067 INFO   r.v.c.r.c.essence.board.Board - C4
23:52:46.067 INFO   r.v.c.r.c.essence.board.Board - C5
23:52:46.067 INFO   r.v.c.r.c.essence.board.Board - C6
23:52:48.792 INFO   r.v.c.r.c.essence.board.Board - B4
23:52:48.793 INFO   r.v.c.r.c.essence.board.Board - A5
23:52:48.793 INFO   r.v.c.r.c.essence.board.Board - C4
23:52:48.793 INFO   r.v.c.r.c.essence.board.Board - C5
23:52:48.793 INFO   r.v.c.r.c.essence.board.Board - C6
23:52:48.793 INFO   r.v.c.r.c.essence.board.Board - A6
23:52:53.533 INFO   r.v.c.r.c.essence.board.Board - B4
23:52:53.533 INFO   r.v.c.r.c.essence.board.Board - A5
23:52:53.533 INFO   r.v.c.r.c.essence.board.Board - B3
23:52:53.533 INFO   r.v.c.r.c.essence.board.Board - A3
23:52:53.533 INFO   r.v.c.r.c.essence.board.Board - B5
23:52:57.218 INFO   r.v.c.r.c.essence.board.Board - B4
23:52:57.218 INFO   r.v.c.r.c.essence.board.Board - A5
23:52:57.218 INFO   r.v.c.r.c.essence.board.Board - B3
23:52:57.218 INFO   r.v.c.r.c.essence.board.Board - A3
23:52:58.481 INFO   r.v.c.r.c.essence.board.Board - B4
23:52:58.481 INFO   r.v.c.r.c.essence.board.Board - A5
23:52:58.481 INFO   r.v.c.r.c.essence.board.Board - C4
23:52:58.481 INFO   r.v.c.r.c.essence.board.Board - C5
23:52:58.481 INFO   r.v.c.r.c.essence.board.Board - C6
23:52:58.482 INFO   r.v.c.r.c.essence.board.Board - A6
23:53:02.099 INFO   r.v.c.r.c.essence.board.Board - B4
23:53:02.099 INFO   r.v.c.r.c.essence.board.Board - B6
23:53:02.099 INFO   r.v.c.r.c.essence.board.Board - C6
23:53:02.099 INFO   r.v.c.r.c.essence.board.Board - C4
23:53:02.099 INFO   r.v.c.r.c.essence.board.Board - A5
23:53:02.099 INFO   r.v.c.r.c.essence.board.Board - A6
23:53:04.843 INFO   r.v.c.r.c.essence.board.Board - B4
23:53:04.843 INFO   r.v.c.r.c.essence.board.Board - A3
23:53:04.843 INFO   r.v.c.r.c.essence.board.Board - B5
23:53:04.843 INFO   r.v.c.r.c.essence.board.Board - A5
23:53:07.379 INFO   r.v.c.r.c.essence.board.Board - B4
23:53:07.379 INFO   r.v.c.r.c.essence.board.Board - B5
23:53:07.379 INFO   r.v.c.r.c.essence.board.Board - A5
23:53:10.206 INFO   r.v.c.r.c.essence.board.Board - C2
23:53:10.206 INFO   r.v.c.r.c.essence.board.Board - B4
23:53:10.206 INFO   r.v.c.r.c.essence.board.Board - C4
23:53:10.206 INFO   r.v.c.r.c.essence.board.Board - C3
23:53:12.512 INFO   r.v.c.r.c.g.Controller - Application launched successfully.
