22:11:58.707 INFO   r.v.c.r.c.essence.board.Board - Board init was successful.
22:11:58.767 INFO   r.v.c.r.chess.graphics.Table - Piece R was put on: A1 successfully.
22:11:58.775 INFO   r.v.c.r.chess.graphics.Table - Piece Knt was put on: B1 successfully.
22:11:58.781 INFO   r.v.c.r.chess.graphics.Table - Piece B was put on: C1 successfully.
22:11:58.787 INFO   r.v.c.r.chess.graphics.Table - Piece Q was put on: D1 successfully.
22:11:58.792 INFO   r.v.c.r.chess.graphics.Table - Piece K was put on: E1 successfully.
22:11:58.792 INFO   r.v.c.r.chess.graphics.Table - Piece B was put on: F1 successfully.
22:11:58.792 INFO   r.v.c.r.chess.graphics.Table - Piece Knt was put on: G1 successfully.
22:11:58.792 INFO   r.v.c.r.chess.graphics.Table - Piece R was put on: H1 successfully.
22:11:58.797 INFO   r.v.c.r.chess.graphics.Table - Piece P was put on: A2 successfully.
22:11:58.797 INFO   r.v.c.r.chess.graphics.Table - Piece P was put on: B2 successfully.
22:11:58.798 INFO   r.v.c.r.chess.graphics.Table - Piece P was put on: C2 successfully.
22:11:58.798 INFO   r.v.c.r.chess.graphics.Table - Piece P was put on: D2 successfully.
22:11:58.799 INFO   r.v.c.r.chess.graphics.Table - Piece P was put on: E2 successfully.
22:11:58.799 INFO   r.v.c.r.chess.graphics.Table - Piece P was put on: F2 successfully.
22:11:58.799 INFO   r.v.c.r.chess.graphics.Table - Piece P was put on: G2 successfully.
22:11:58.799 INFO   r.v.c.r.chess.graphics.Table - Piece P was put on: H2 successfully.
22:11:58.799 ERROR  r.v.c.r.chess.graphics.Table - Cell is not specified for firstInit piece.
22:11:58.800 ERROR  r.v.c.r.chess.graphics.Table - Cell is not specified for firstInit piece.
22:11:58.800 ERROR  r.v.c.r.chess.graphics.Table - Cell is not specified for firstInit piece.
22:11:58.800 ERROR  r.v.c.r.chess.graphics.Table - Cell is not specified for firstInit piece.
22:11:58.800 ERROR  r.v.c.r.chess.graphics.Table - Cell is not specified for firstInit piece.
22:11:58.800 ERROR  r.v.c.r.chess.graphics.Table - Cell is not specified for firstInit piece.
22:11:58.801 ERROR  r.v.c.r.chess.graphics.Table - Cell is not specified for firstInit piece.
22:11:58.801 ERROR  r.v.c.r.chess.graphics.Table - Cell is not specified for firstInit piece.
22:11:58.801 ERROR  r.v.c.r.chess.graphics.Table - Cell is not specified for firstInit piece.
22:11:58.801 ERROR  r.v.c.r.chess.graphics.Table - Cell is not specified for firstInit piece.
22:11:58.801 ERROR  r.v.c.r.chess.graphics.Table - Cell is not specified for firstInit piece.
22:11:58.801 ERROR  r.v.c.r.chess.graphics.Table - Cell is not specified for firstInit piece.
22:11:58.801 ERROR  r.v.c.r.chess.graphics.Table - Cell is not specified for firstInit piece.
22:11:58.801 ERROR  r.v.c.r.chess.graphics.Table - Cell is not specified for firstInit piece.
22:11:58.801 ERROR  r.v.c.r.chess.graphics.Table - Cell is not specified for firstInit piece.
22:11:58.801 ERROR  r.v.c.r.chess.graphics.Table - Cell is not specified for firstInit piece.
22:11:58.801 ERROR  r.v.c.r.chess.graphics.Table - Cell is not specified for firstInit piece.
22:11:58.802 ERROR  r.v.c.r.chess.graphics.Table - Cell is not specified for firstInit piece.
22:11:58.802 ERROR  r.v.c.r.chess.graphics.Table - Cell is not specified for firstInit piece.
22:11:58.802 ERROR  r.v.c.r.chess.graphics.Table - Cell is not specified for firstInit piece.
22:11:58.802 ERROR  r.v.c.r.chess.graphics.Table - Cell is not specified for firstInit piece.
22:11:58.802 ERROR  r.v.c.r.chess.graphics.Table - Cell is not specified for firstInit piece.
22:11:58.802 ERROR  r.v.c.r.chess.graphics.Table - Cell is not specified for firstInit piece.
22:11:58.802 ERROR  r.v.c.r.chess.graphics.Table - Cell is not specified for firstInit piece.
22:11:58.802 ERROR  r.v.c.r.chess.graphics.Table - Cell is not specified for firstInit piece.
22:11:58.802 ERROR  r.v.c.r.chess.graphics.Table - Cell is not specified for firstInit piece.
22:11:58.802 ERROR  r.v.c.r.chess.graphics.Table - Cell is not specified for firstInit piece.
22:11:58.802 ERROR  r.v.c.r.chess.graphics.Table - Cell is not specified for firstInit piece.
22:11:58.803 ERROR  r.v.c.r.chess.graphics.Table - Cell is not specified for firstInit piece.
22:11:58.803 ERROR  r.v.c.r.chess.graphics.Table - Cell is not specified for firstInit piece.
22:11:58.803 ERROR  r.v.c.r.chess.graphics.Table - Cell is not specified for firstInit piece.
22:11:58.803 ERROR  r.v.c.r.chess.graphics.Table - Cell is not specified for firstInit piece.
22:11:58.806 INFO   r.v.c.r.chess.graphics.Table - Piece P was put on: A7 successfully.
22:11:58.806 INFO   r.v.c.r.chess.graphics.Table - Piece P was put on: B7 successfully.
22:11:58.806 INFO   r.v.c.r.chess.graphics.Table - Piece P was put on: C7 successfully.
22:11:58.807 INFO   r.v.c.r.chess.graphics.Table - Piece P was put on: D7 successfully.
22:11:58.807 INFO   r.v.c.r.chess.graphics.Table - Piece P was put on: E7 successfully.
22:11:58.807 INFO   r.v.c.r.chess.graphics.Table - Piece P was put on: F7 successfully.
22:11:58.807 INFO   r.v.c.r.chess.graphics.Table - Piece P was put on: G7 successfully.
22:11:58.807 INFO   r.v.c.r.chess.graphics.Table - Piece P was put on: H7 successfully.
22:11:58.812 INFO   r.v.c.r.chess.graphics.Table - Piece R was put on: A8 successfully.
22:11:58.815 INFO   r.v.c.r.chess.graphics.Table - Piece Knt was put on: B8 successfully.
22:11:58.817 INFO   r.v.c.r.chess.graphics.Table - Piece B was put on: C8 successfully.
22:11:58.819 INFO   r.v.c.r.chess.graphics.Table - Piece Q was put on: D8 successfully.
22:11:58.822 INFO   r.v.c.r.chess.graphics.Table - Piece K was put on: E8 successfully.
22:11:58.823 INFO   r.v.c.r.chess.graphics.Table - Piece B was put on: F8 successfully.
22:11:58.823 INFO   r.v.c.r.chess.graphics.Table - Piece Knt was put on: G8 successfully.
22:11:58.824 INFO   r.v.c.r.chess.graphics.Table - Piece R was put on: H8 successfully.
22:11:59.055 INFO   r.v.c.r.chess.graphics.Table - Table was init successfully.
22:12:29.057 INFO   r.v.c.r.c.g.Controller - Application launched successfully.
22:13:34.188 INFO   r.v.c.r.c.essence.board.Board - Board init was successful.
22:13:34.239 INFO   r.v.c.r.chess.graphics.Table - Piece R was put on: A1 successfully.
22:13:34.245 INFO   r.v.c.r.chess.graphics.Table - Piece Knt was put on: B1 successfully.
22:13:34.249 INFO   r.v.c.r.chess.graphics.Table - Piece B was put on: C1 successfully.
22:13:34.254 INFO   r.v.c.r.chess.graphics.Table - Piece Q was put on: D1 successfully.
22:13:34.258 INFO   r.v.c.r.chess.graphics.Table - Piece K was put on: E1 successfully.
22:13:34.258 INFO   r.v.c.r.chess.graphics.Table - Piece B was put on: F1 successfully.
22:13:34.258 INFO   r.v.c.r.chess.graphics.Table - Piece Knt was put on: G1 successfully.
22:13:34.259 INFO   r.v.c.r.chess.graphics.Table - Piece R was put on: H1 successfully.
22:13:34.263 INFO   r.v.c.r.chess.graphics.Table - Piece P was put on: A2 successfully.
22:13:34.263 INFO   r.v.c.r.chess.graphics.Table - Piece P was put on: B2 successfully.
22:13:34.263 INFO   r.v.c.r.chess.graphics.Table - Piece P was put on: C2 successfully.
22:13:34.263 INFO   r.v.c.r.chess.graphics.Table - Piece P was put on: D2 successfully.
22:13:34.263 INFO   r.v.c.r.chess.graphics.Table - Piece P was put on: E2 successfully.
22:13:34.263 INFO   r.v.c.r.chess.graphics.Table - Piece P was put on: F2 successfully.
22:13:34.264 INFO   r.v.c.r.chess.graphics.Table - Piece P was put on: G2 successfully.
22:13:34.264 INFO   r.v.c.r.chess.graphics.Table - Piece P was put on: H2 successfully.
22:13:34.264 ERROR  r.v.c.r.chess.graphics.Table - Cell is not specified for firstInit piece.
22:13:34.264 ERROR  r.v.c.r.chess.graphics.Table - Cell is not specified for firstInit piece.
22:13:34.264 ERROR  r.v.c.r.chess.graphics.Table - Cell is not specified for firstInit piece.
22:13:34.264 ERROR  r.v.c.r.chess.graphics.Table - Cell is not specified for firstInit piece.
22:13:34.265 ERROR  r.v.c.r.chess.graphics.Table - Cell is not specified for firstInit piece.
22:13:34.265 ERROR  r.v.c.r.chess.graphics.Table - Cell is not specified for firstInit piece.
22:13:34.265 ERROR  r.v.c.r.chess.graphics.Table - Cell is not specified for firstInit piece.
22:13:34.265 ERROR  r.v.c.r.chess.graphics.Table - Cell is not specified for firstInit piece.
22:13:34.265 ERROR  r.v.c.r.chess.graphics.Table - Cell is not specified for firstInit piece.
22:13:34.265 ERROR  r.v.c.r.chess.graphics.Table - Cell is not specified for firstInit piece.
22:13:34.265 ERROR  r.v.c.r.chess.graphics.Table - Cell is not specified for firstInit piece.
22:13:34.266 ERROR  r.v.c.r.chess.graphics.Table - Cell is not specified for firstInit piece.
22:13:34.266 ERROR  r.v.c.r.chess.graphics.Table - Cell is not specified for firstInit piece.
22:13:34.266 ERROR  r.v.c.r.chess.graphics.Table - Cell is not specified for firstInit piece.
22:13:34.266 ERROR  r.v.c.r.chess.graphics.Table - Cell is not specified for firstInit piece.
22:13:34.266 ERROR  r.v.c.r.chess.graphics.Table - Cell is not specified for firstInit piece.
22:13:34.266 ERROR  r.v.c.r.chess.graphics.Table - Cell is not specified for firstInit piece.
22:13:34.266 ERROR  r.v.c.r.chess.graphics.Table - Cell is not specified for firstInit piece.
22:13:34.266 ERROR  r.v.c.r.chess.graphics.Table - Cell is not specified for firstInit piece.
22:13:34.266 ERROR  r.v.c.r.chess.graphics.Table - Cell is not specified for firstInit piece.
22:13:34.266 ERROR  r.v.c.r.chess.graphics.Table - Cell is not specified for firstInit piece.
22:13:34.267 ERROR  r.v.c.r.chess.graphics.Table - Cell is not specified for firstInit piece.
22:13:34.267 ERROR  r.v.c.r.chess.graphics.Table - Cell is not specified for firstInit piece.
22:13:34.267 ERROR  r.v.c.r.chess.graphics.Table - Cell is not specified for firstInit piece.
22:13:34.267 ERROR  r.v.c.r.chess.graphics.Table - Cell is not specified for firstInit piece.
22:13:34.267 ERROR  r.v.c.r.chess.graphics.Table - Cell is not specified for firstInit piece.
22:13:34.267 ERROR  r.v.c.r.chess.graphics.Table - Cell is not specified for firstInit piece.
22:13:34.267 ERROR  r.v.c.r.chess.graphics.Table - Cell is not specified for firstInit piece.
22:13:34.267 ERROR  r.v.c.r.chess.graphics.Table - Cell is not specified for firstInit piece.
22:13:34.267 ERROR  r.v.c.r.chess.graphics.Table - Cell is not specified for firstInit piece.
22:13:34.267 ERROR  r.v.c.r.chess.graphics.Table - Cell is not specified for firstInit piece.
22:13:34.268 ERROR  r.v.c.r.chess.graphics.Table - Cell is not specified for firstInit piece.
22:13:34.270 INFO   r.v.c.r.chess.graphics.Table - Piece P was put on: A7 successfully.
22:13:34.270 INFO   r.v.c.r.chess.graphics.Table - Piece P was put on: B7 successfully.
22:13:34.270 INFO   r.v.c.r.chess.graphics.Table - Piece P was put on: C7 successfully.
22:13:34.270 INFO   r.v.c.r.chess.graphics.Table - Piece P was put on: D7 successfully.
22:13:34.271 INFO   r.v.c.r.chess.graphics.Table - Piece P was put on: E7 successfully.
22:13:34.271 INFO   r.v.c.r.chess.graphics.Table - Piece P was put on: F7 successfully.
22:13:34.271 INFO   r.v.c.r.chess.graphics.Table - Piece P was put on: G7 successfully.
22:13:34.271 INFO   r.v.c.r.chess.graphics.Table - Piece P was put on: H7 successfully.
22:13:34.275 INFO   r.v.c.r.chess.graphics.Table - Piece R was put on: A8 successfully.
22:13:34.278 INFO   r.v.c.r.chess.graphics.Table - Piece Knt was put on: B8 successfully.
22:13:34.279 INFO   r.v.c.r.chess.graphics.Table - Piece B was put on: C8 successfully.
22:13:34.281 INFO   r.v.c.r.chess.graphics.Table - Piece Q was put on: D8 successfully.
22:13:34.284 INFO   r.v.c.r.chess.graphics.Table - Piece K was put on: E8 successfully.
22:13:34.285 INFO   r.v.c.r.chess.graphics.Table - Piece B was put on: F8 successfully.
22:13:34.285 INFO   r.v.c.r.chess.graphics.Table - Piece Knt was put on: G8 successfully.
22:13:34.285 INFO   r.v.c.r.chess.graphics.Table - Piece R was put on: H8 successfully.
22:13:34.516 INFO   r.v.c.r.chess.graphics.Table - Table was init successfully.
22:18:56.574 INFO   r.v.c.r.c.essence.board.Board - Board init was successful.
22:18:56.614 INFO   r.v.c.r.chess.graphics.Table - Piece R was put on: A1 successfully.
22:18:56.619 INFO   r.v.c.r.chess.graphics.Table - Piece Knt was put on: B1 successfully.
22:18:56.623 INFO   r.v.c.r.chess.graphics.Table - Piece B was put on: C1 successfully.
22:18:56.627 INFO   r.v.c.r.chess.graphics.Table - Piece Q was put on: D1 successfully.
22:18:56.632 INFO   r.v.c.r.chess.graphics.Table - Piece K was put on: E1 successfully.
22:18:56.632 INFO   r.v.c.r.chess.graphics.Table - Piece B was put on: F1 successfully.
22:18:56.632 INFO   r.v.c.r.chess.graphics.Table - Piece Knt was put on: G1 successfully.
22:18:56.632 INFO   r.v.c.r.chess.graphics.Table - Piece R was put on: H1 successfully.
22:18:56.636 INFO   r.v.c.r.chess.graphics.Table - Piece P was put on: A2 successfully.
22:18:56.636 INFO   r.v.c.r.chess.graphics.Table - Piece P was put on: B2 successfully.
22:18:56.636 INFO   r.v.c.r.chess.graphics.Table - Piece P was put on: C2 successfully.
22:18:56.637 INFO   r.v.c.r.chess.graphics.Table - Piece P was put on: D2 successfully.
22:18:56.637 INFO   r.v.c.r.chess.graphics.Table - Piece P was put on: E2 successfully.
22:18:56.637 INFO   r.v.c.r.chess.graphics.Table - Piece P was put on: F2 successfully.
22:18:56.637 INFO   r.v.c.r.chess.graphics.Table - Piece P was put on: G2 successfully.
22:18:56.637 INFO   r.v.c.r.chess.graphics.Table - Piece P was put on: H2 successfully.
22:18:56.637 ERROR  r.v.c.r.chess.graphics.Table - Cell is not specified for firstInit piece.
22:18:56.637 ERROR  r.v.c.r.chess.graphics.Table - Cell is not specified for firstInit piece.
22:18:56.637 ERROR  r.v.c.r.chess.graphics.Table - Cell is not specified for firstInit piece.
22:18:56.637 ERROR  r.v.c.r.chess.graphics.Table - Cell is not specified for firstInit piece.
22:18:56.638 ERROR  r.v.c.r.chess.graphics.Table - Cell is not specified for firstInit piece.
22:18:56.638 ERROR  r.v.c.r.chess.graphics.Table - Cell is not specified for firstInit piece.
22:18:56.638 ERROR  r.v.c.r.chess.graphics.Table - Cell is not specified for firstInit piece.
22:18:56.638 ERROR  r.v.c.r.chess.graphics.Table - Cell is not specified for firstInit piece.
22:18:56.638 ERROR  r.v.c.r.chess.graphics.Table - Cell is not specified for firstInit piece.
22:18:56.638 ERROR  r.v.c.r.chess.graphics.Table - Cell is not specified for firstInit piece.
22:18:56.638 ERROR  r.v.c.r.chess.graphics.Table - Cell is not specified for firstInit piece.
22:18:56.638 ERROR  r.v.c.r.chess.graphics.Table - Cell is not specified for firstInit piece.
22:18:56.638 ERROR  r.v.c.r.chess.graphics.Table - Cell is not specified for firstInit piece.
22:18:56.639 ERROR  r.v.c.r.chess.graphics.Table - Cell is not specified for firstInit piece.
22:18:56.639 ERROR  r.v.c.r.chess.graphics.Table - Cell is not specified for firstInit piece.
22:18:56.639 ERROR  r.v.c.r.chess.graphics.Table - Cell is not specified for firstInit piece.
22:18:56.639 ERROR  r.v.c.r.chess.graphics.Table - Cell is not specified for firstInit piece.
22:18:56.639 ERROR  r.v.c.r.chess.graphics.Table - Cell is not specified for firstInit piece.
22:18:56.639 ERROR  r.v.c.r.chess.graphics.Table - Cell is not specified for firstInit piece.
22:18:56.639 ERROR  r.v.c.r.chess.graphics.Table - Cell is not specified for firstInit piece.
22:18:56.639 ERROR  r.v.c.r.chess.graphics.Table - Cell is not specified for firstInit piece.
22:18:56.640 ERROR  r.v.c.r.chess.graphics.Table - Cell is not specified for firstInit piece.
22:18:56.640 ERROR  r.v.c.r.chess.graphics.Table - Cell is not specified for firstInit piece.
22:18:56.640 ERROR  r.v.c.r.chess.graphics.Table - Cell is not specified for firstInit piece.
22:18:56.640 ERROR  r.v.c.r.chess.graphics.Table - Cell is not specified for firstInit piece.
22:18:56.640 ERROR  r.v.c.r.chess.graphics.Table - Cell is not specified for firstInit piece.
22:18:56.640 ERROR  r.v.c.r.chess.graphics.Table - Cell is not specified for firstInit piece.
22:18:56.640 ERROR  r.v.c.r.chess.graphics.Table - Cell is not specified for firstInit piece.
22:18:56.640 ERROR  r.v.c.r.chess.graphics.Table - Cell is not specified for firstInit piece.
22:18:56.640 ERROR  r.v.c.r.chess.graphics.Table - Cell is not specified for firstInit piece.
22:18:56.641 ERROR  r.v.c.r.chess.graphics.Table - Cell is not specified for firstInit piece.
22:18:56.641 ERROR  r.v.c.r.chess.graphics.Table - Cell is not specified for firstInit piece.
22:18:56.643 INFO   r.v.c.r.chess.graphics.Table - Piece P was put on: A7 successfully.
22:18:56.643 INFO   r.v.c.r.chess.graphics.Table - Piece P was put on: B7 successfully.
22:18:56.643 INFO   r.v.c.r.chess.graphics.Table - Piece P was put on: C7 successfully.
22:18:56.643 INFO   r.v.c.r.chess.graphics.Table - Piece P was put on: D7 successfully.
22:18:56.643 INFO   r.v.c.r.chess.graphics.Table - Piece P was put on: E7 successfully.
22:18:56.644 INFO   r.v.c.r.chess.graphics.Table - Piece P was put on: F7 successfully.
22:18:56.644 INFO   r.v.c.r.chess.graphics.Table - Piece P was put on: G7 successfully.
22:18:56.644 INFO   r.v.c.r.chess.graphics.Table - Piece P was put on: H7 successfully.
22:18:56.648 INFO   r.v.c.r.chess.graphics.Table - Piece R was put on: A8 successfully.
22:18:56.651 INFO   r.v.c.r.chess.graphics.Table - Piece Knt was put on: B8 successfully.
22:18:56.652 INFO   r.v.c.r.chess.graphics.Table - Piece B was put on: C8 successfully.
22:18:56.654 INFO   r.v.c.r.chess.graphics.Table - Piece Q was put on: D8 successfully.
22:18:56.657 INFO   r.v.c.r.chess.graphics.Table - Piece K was put on: E8 successfully.
22:18:56.657 INFO   r.v.c.r.chess.graphics.Table - Piece B was put on: F8 successfully.
22:18:56.657 INFO   r.v.c.r.chess.graphics.Table - Piece Knt was put on: G8 successfully.
22:18:56.657 INFO   r.v.c.r.chess.graphics.Table - Piece R was put on: H8 successfully.
22:18:56.826 INFO   r.v.c.r.chess.graphics.Table - Table was init successfully.
22:19:11.829 INFO   r.v.c.r.c.g.Controller - Application launched successfully.
22:19:28.454 INFO   r.v.c.r.c.essence.board.Board - Board init was successful.
22:19:28.508 INFO   r.v.c.r.chess.graphics.Table - Piece R was put on: A1 successfully.
22:19:28.514 INFO   r.v.c.r.chess.graphics.Table - Piece Knt was put on: B1 successfully.
22:19:28.518 INFO   r.v.c.r.chess.graphics.Table - Piece B was put on: C1 successfully.
22:19:28.522 INFO   r.v.c.r.chess.graphics.Table - Piece Q was put on: D1 successfully.
22:19:28.526 INFO   r.v.c.r.chess.graphics.Table - Piece K was put on: E1 successfully.
22:19:28.527 INFO   r.v.c.r.chess.graphics.Table - Piece B was put on: F1 successfully.
22:19:28.527 INFO   r.v.c.r.chess.graphics.Table - Piece Knt was put on: G1 successfully.
22:19:28.527 INFO   r.v.c.r.chess.graphics.Table - Piece R was put on: H1 successfully.
22:19:28.531 INFO   r.v.c.r.chess.graphics.Table - Piece P was put on: A2 successfully.
22:19:28.531 INFO   r.v.c.r.chess.graphics.Table - Piece P was put on: B2 successfully.
22:19:28.532 INFO   r.v.c.r.chess.graphics.Table - Piece P was put on: C2 successfully.
22:19:28.532 INFO   r.v.c.r.chess.graphics.Table - Piece P was put on: D2 successfully.
22:19:28.532 INFO   r.v.c.r.chess.graphics.Table - Piece P was put on: E2 successfully.
22:19:28.532 INFO   r.v.c.r.chess.graphics.Table - Piece P was put on: F2 successfully.
22:19:28.532 INFO   r.v.c.r.chess.graphics.Table - Piece P was put on: G2 successfully.
22:19:28.532 INFO   r.v.c.r.chess.graphics.Table - Piece P was put on: H2 successfully.
22:19:28.533 ERROR  r.v.c.r.chess.graphics.Table - Cell is not specified for firstInit piece.
22:19:28.533 ERROR  r.v.c.r.chess.graphics.Table - Cell is not specified for firstInit piece.
22:19:28.533 ERROR  r.v.c.r.chess.graphics.Table - Cell is not specified for firstInit piece.
22:19:28.533 ERROR  r.v.c.r.chess.graphics.Table - Cell is not specified for firstInit piece.
22:19:28.533 ERROR  r.v.c.r.chess.graphics.Table - Cell is not specified for firstInit piece.
22:19:28.533 ERROR  r.v.c.r.chess.graphics.Table - Cell is not specified for firstInit piece.
22:19:28.533 ERROR  r.v.c.r.chess.graphics.Table - Cell is not specified for firstInit piece.
22:19:28.534 ERROR  r.v.c.r.chess.graphics.Table - Cell is not specified for firstInit piece.
22:19:28.534 ERROR  r.v.c.r.chess.graphics.Table - Cell is not specified for firstInit piece.
22:19:28.534 ERROR  r.v.c.r.chess.graphics.Table - Cell is not specified for firstInit piece.
22:19:28.534 ERROR  r.v.c.r.chess.graphics.Table - Cell is not specified for firstInit piece.
22:19:28.534 ERROR  r.v.c.r.chess.graphics.Table - Cell is not specified for firstInit piece.
22:19:28.535 ERROR  r.v.c.r.chess.graphics.Table - Cell is not specified for firstInit piece.
22:19:28.535 ERROR  r.v.c.r.chess.graphics.Table - Cell is not specified for firstInit piece.
22:19:28.535 ERROR  r.v.c.r.chess.graphics.Table - Cell is not specified for firstInit piece.
22:19:28.535 ERROR  r.v.c.r.chess.graphics.Table - Cell is not specified for firstInit piece.
22:19:28.535 ERROR  r.v.c.r.chess.graphics.Table - Cell is not specified for firstInit piece.
22:19:28.535 ERROR  r.v.c.r.chess.graphics.Table - Cell is not specified for firstInit piece.
22:19:28.535 ERROR  r.v.c.r.chess.graphics.Table - Cell is not specified for firstInit piece.
22:19:28.535 ERROR  r.v.c.r.chess.graphics.Table - Cell is not specified for firstInit piece.
22:19:28.536 ERROR  r.v.c.r.chess.graphics.Table - Cell is not specified for firstInit piece.
22:19:28.536 ERROR  r.v.c.r.chess.graphics.Table - Cell is not specified for firstInit piece.
22:19:28.536 ERROR  r.v.c.r.chess.graphics.Table - Cell is not specified for firstInit piece.
22:19:28.536 ERROR  r.v.c.r.chess.graphics.Table - Cell is not specified for firstInit piece.
22:19:28.536 ERROR  r.v.c.r.chess.graphics.Table - Cell is not specified for firstInit piece.
22:19:28.536 ERROR  r.v.c.r.chess.graphics.Table - Cell is not specified for firstInit piece.
22:19:28.536 ERROR  r.v.c.r.chess.graphics.Table - Cell is not specified for firstInit piece.
22:19:28.536 ERROR  r.v.c.r.chess.graphics.Table - Cell is not specified for firstInit piece.
22:19:28.537 ERROR  r.v.c.r.chess.graphics.Table - Cell is not specified for firstInit piece.
22:19:28.537 ERROR  r.v.c.r.chess.graphics.Table - Cell is not specified for firstInit piece.
22:19:28.537 ERROR  r.v.c.r.chess.graphics.Table - Cell is not specified for firstInit piece.
22:19:28.538 ERROR  r.v.c.r.chess.graphics.Table - Cell is not specified for firstInit piece.
22:19:28.541 INFO   r.v.c.r.chess.graphics.Table - Piece P was put on: A7 successfully.
22:19:28.541 INFO   r.v.c.r.chess.graphics.Table - Piece P was put on: B7 successfully.
22:19:28.542 INFO   r.v.c.r.chess.graphics.Table - Piece P was put on: C7 successfully.
22:19:28.542 INFO   r.v.c.r.chess.graphics.Table - Piece P was put on: D7 successfully.
22:19:28.542 INFO   r.v.c.r.chess.graphics.Table - Piece P was put on: E7 successfully.
22:19:28.542 INFO   r.v.c.r.chess.graphics.Table - Piece P was put on: F7 successfully.
22:19:28.543 INFO   r.v.c.r.chess.graphics.Table - Piece P was put on: G7 successfully.
22:19:28.543 INFO   r.v.c.r.chess.graphics.Table - Piece P was put on: H7 successfully.
22:19:28.546 INFO   r.v.c.r.chess.graphics.Table - Piece R was put on: A8 successfully.
22:19:28.550 INFO   r.v.c.r.chess.graphics.Table - Piece Knt was put on: B8 successfully.
22:19:28.552 INFO   r.v.c.r.chess.graphics.Table - Piece B was put on: C8 successfully.
22:19:28.554 INFO   r.v.c.r.chess.graphics.Table - Piece Q was put on: D8 successfully.
22:19:28.557 INFO   r.v.c.r.chess.graphics.Table - Piece K was put on: E8 successfully.
22:19:28.557 INFO   r.v.c.r.chess.graphics.Table - Piece B was put on: F8 successfully.
22:19:28.558 INFO   r.v.c.r.chess.graphics.Table - Piece Knt was put on: G8 successfully.
22:19:28.559 INFO   r.v.c.r.chess.graphics.Table - Piece R was put on: H8 successfully.
22:19:28.778 INFO   r.v.c.r.chess.graphics.Table - Table was init successfully.
22:20:35.088 INFO   r.v.c.r.c.essence.board.Board - Board init was successful.
22:20:35.134 INFO   r.v.c.r.chess.graphics.Table - Piece R was put on: A1 successfully.
22:20:35.139 INFO   r.v.c.r.chess.graphics.Table - Piece Knt was put on: B1 successfully.
22:20:35.144 INFO   r.v.c.r.chess.graphics.Table - Piece B was put on: C1 successfully.
22:20:35.149 INFO   r.v.c.r.chess.graphics.Table - Piece Q was put on: D1 successfully.
22:20:35.154 INFO   r.v.c.r.chess.graphics.Table - Piece K was put on: E1 successfully.
22:20:35.154 INFO   r.v.c.r.chess.graphics.Table - Piece B was put on: F1 successfully.
22:20:35.154 INFO   r.v.c.r.chess.graphics.Table - Piece Knt was put on: G1 successfully.
22:20:35.154 INFO   r.v.c.r.chess.graphics.Table - Piece R was put on: H1 successfully.
22:20:35.158 INFO   r.v.c.r.chess.graphics.Table - Piece P was put on: A2 successfully.
22:20:35.158 INFO   r.v.c.r.chess.graphics.Table - Piece P was put on: B2 successfully.
22:20:35.158 INFO   r.v.c.r.chess.graphics.Table - Piece P was put on: C2 successfully.
22:20:35.159 INFO   r.v.c.r.chess.graphics.Table - Piece P was put on: D2 successfully.
22:20:35.159 INFO   r.v.c.r.chess.graphics.Table - Piece P was put on: E2 successfully.
22:20:35.159 INFO   r.v.c.r.chess.graphics.Table - Piece P was put on: F2 successfully.
22:20:35.159 INFO   r.v.c.r.chess.graphics.Table - Piece P was put on: G2 successfully.
22:20:35.159 INFO   r.v.c.r.chess.graphics.Table - Piece P was put on: H2 successfully.
22:20:35.159 ERROR  r.v.c.r.chess.graphics.Table - Cell is not specified for firstInit piece.
22:20:35.160 ERROR  r.v.c.r.chess.graphics.Table - Cell is not specified for firstInit piece.
22:20:35.160 ERROR  r.v.c.r.chess.graphics.Table - Cell is not specified for firstInit piece.
22:20:35.160 ERROR  r.v.c.r.chess.graphics.Table - Cell is not specified for firstInit piece.
22:20:35.160 ERROR  r.v.c.r.chess.graphics.Table - Cell is not specified for firstInit piece.
22:20:35.160 ERROR  r.v.c.r.chess.graphics.Table - Cell is not specified for firstInit piece.
22:20:35.160 ERROR  r.v.c.r.chess.graphics.Table - Cell is not specified for firstInit piece.
22:20:35.160 ERROR  r.v.c.r.chess.graphics.Table - Cell is not specified for firstInit piece.
22:20:35.160 ERROR  r.v.c.r.chess.graphics.Table - Cell is not specified for firstInit piece.
22:20:35.160 ERROR  r.v.c.r.chess.graphics.Table - Cell is not specified for firstInit piece.
22:20:35.160 ERROR  r.v.c.r.chess.graphics.Table - Cell is not specified for firstInit piece.
22:20:35.160 ERROR  r.v.c.r.chess.graphics.Table - Cell is not specified for firstInit piece.
22:20:35.160 ERROR  r.v.c.r.chess.graphics.Table - Cell is not specified for firstInit piece.
22:20:35.161 ERROR  r.v.c.r.chess.graphics.Table - Cell is not specified for firstInit piece.
22:20:35.161 ERROR  r.v.c.r.chess.graphics.Table - Cell is not specified for firstInit piece.
22:20:35.161 ERROR  r.v.c.r.chess.graphics.Table - Cell is not specified for firstInit piece.
22:20:35.161 ERROR  r.v.c.r.chess.graphics.Table - Cell is not specified for firstInit piece.
22:20:35.161 ERROR  r.v.c.r.chess.graphics.Table - Cell is not specified for firstInit piece.
22:20:35.161 ERROR  r.v.c.r.chess.graphics.Table - Cell is not specified for firstInit piece.
22:20:35.161 ERROR  r.v.c.r.chess.graphics.Table - Cell is not specified for firstInit piece.
22:20:35.161 ERROR  r.v.c.r.chess.graphics.Table - Cell is not specified for firstInit piece.
22:20:35.161 ERROR  r.v.c.r.chess.graphics.Table - Cell is not specified for firstInit piece.
22:20:35.161 ERROR  r.v.c.r.chess.graphics.Table - Cell is not specified for firstInit piece.
22:20:35.161 ERROR  r.v.c.r.chess.graphics.Table - Cell is not specified for firstInit piece.
22:20:35.161 ERROR  r.v.c.r.chess.graphics.Table - Cell is not specified for firstInit piece.
22:20:35.161 ERROR  r.v.c.r.chess.graphics.Table - Cell is not specified for firstInit piece.
22:20:35.162 ERROR  r.v.c.r.chess.graphics.Table - Cell is not specified for firstInit piece.
22:20:35.162 ERROR  r.v.c.r.chess.graphics.Table - Cell is not specified for firstInit piece.
22:20:35.162 ERROR  r.v.c.r.chess.graphics.Table - Cell is not specified for firstInit piece.
22:20:35.162 ERROR  r.v.c.r.chess.graphics.Table - Cell is not specified for firstInit piece.
22:20:35.162 ERROR  r.v.c.r.chess.graphics.Table - Cell is not specified for firstInit piece.
22:20:35.162 ERROR  r.v.c.r.chess.graphics.Table - Cell is not specified for firstInit piece.
22:20:35.165 INFO   r.v.c.r.chess.graphics.Table - Piece P was put on: A7 successfully.
22:20:35.165 INFO   r.v.c.r.chess.graphics.Table - Piece P was put on: B7 successfully.
22:20:35.165 INFO   r.v.c.r.chess.graphics.Table - Piece P was put on: C7 successfully.
22:20:35.165 INFO   r.v.c.r.chess.graphics.Table - Piece P was put on: D7 successfully.
22:20:35.166 INFO   r.v.c.r.chess.graphics.Table - Piece P was put on: E7 successfully.
22:20:35.166 INFO   r.v.c.r.chess.graphics.Table - Piece P was put on: F7 successfully.
22:20:35.166 INFO   r.v.c.r.chess.graphics.Table - Piece P was put on: G7 successfully.
22:20:35.166 INFO   r.v.c.r.chess.graphics.Table - Piece P was put on: H7 successfully.
22:20:35.170 INFO   r.v.c.r.chess.graphics.Table - Piece R was put on: A8 successfully.
22:20:35.174 INFO   r.v.c.r.chess.graphics.Table - Piece Knt was put on: B8 successfully.
22:20:35.176 INFO   r.v.c.r.chess.graphics.Table - Piece B was put on: C8 successfully.
22:20:35.178 INFO   r.v.c.r.chess.graphics.Table - Piece Q was put on: D8 successfully.
22:20:35.182 INFO   r.v.c.r.chess.graphics.Table - Piece K was put on: E8 successfully.
22:20:35.183 INFO   r.v.c.r.chess.graphics.Table - Piece B was put on: F8 successfully.
22:20:35.183 INFO   r.v.c.r.chess.graphics.Table - Piece Knt was put on: G8 successfully.
22:20:35.184 INFO   r.v.c.r.chess.graphics.Table - Piece R was put on: H8 successfully.
22:20:35.456 INFO   r.v.c.r.chess.graphics.Table - Table was init successfully.
22:21:13.073 INFO   r.v.c.r.c.essence.board.Board - Board init was successful.
22:21:13.126 INFO   r.v.c.r.chess.graphics.Table - Piece R was put on: A1 successfully.
22:21:13.132 INFO   r.v.c.r.chess.graphics.Table - Piece Knt was put on: B1 successfully.
22:21:13.136 INFO   r.v.c.r.chess.graphics.Table - Piece B was put on: C1 successfully.
22:21:13.141 INFO   r.v.c.r.chess.graphics.Table - Piece Q was put on: D1 successfully.
22:21:13.146 INFO   r.v.c.r.chess.graphics.Table - Piece K was put on: E1 successfully.
22:21:13.146 INFO   r.v.c.r.chess.graphics.Table - Piece B was put on: F1 successfully.
22:21:13.147 INFO   r.v.c.r.chess.graphics.Table - Piece Knt was put on: G1 successfully.
22:21:13.147 INFO   r.v.c.r.chess.graphics.Table - Piece R was put on: H1 successfully.
22:21:13.151 INFO   r.v.c.r.chess.graphics.Table - Piece P was put on: A2 successfully.
22:21:13.151 INFO   r.v.c.r.chess.graphics.Table - Piece P was put on: B2 successfully.
22:21:13.152 INFO   r.v.c.r.chess.graphics.Table - Piece P was put on: C2 successfully.
22:21:13.152 INFO   r.v.c.r.chess.graphics.Table - Piece P was put on: D2 successfully.
22:21:13.152 INFO   r.v.c.r.chess.graphics.Table - Piece P was put on: E2 successfully.
22:21:13.152 INFO   r.v.c.r.chess.graphics.Table - Piece P was put on: F2 successfully.
22:21:13.152 INFO   r.v.c.r.chess.graphics.Table - Piece P was put on: G2 successfully.
22:21:13.153 INFO   r.v.c.r.chess.graphics.Table - Piece P was put on: H2 successfully.
22:21:13.153 ERROR  r.v.c.r.chess.graphics.Table - Cell is not specified for firstInit piece.
22:21:13.153 ERROR  r.v.c.r.chess.graphics.Table - Cell is not specified for firstInit piece.
22:21:13.153 ERROR  r.v.c.r.chess.graphics.Table - Cell is not specified for firstInit piece.
22:21:13.153 ERROR  r.v.c.r.chess.graphics.Table - Cell is not specified for firstInit piece.
22:21:13.153 ERROR  r.v.c.r.chess.graphics.Table - Cell is not specified for firstInit piece.
22:21:13.155 ERROR  r.v.c.r.chess.graphics.Table - Cell is not specified for firstInit piece.
22:21:13.155 ERROR  r.v.c.r.chess.graphics.Table - Cell is not specified for firstInit piece.
22:21:13.155 ERROR  r.v.c.r.chess.graphics.Table - Cell is not specified for firstInit piece.
22:21:13.155 ERROR  r.v.c.r.chess.graphics.Table - Cell is not specified for firstInit piece.
22:21:13.155 ERROR  r.v.c.r.chess.graphics.Table - Cell is not specified for firstInit piece.
22:21:13.155 ERROR  r.v.c.r.chess.graphics.Table - Cell is not specified for firstInit piece.
22:21:13.155 ERROR  r.v.c.r.chess.graphics.Table - Cell is not specified for firstInit piece.
22:21:13.155 ERROR  r.v.c.r.chess.graphics.Table - Cell is not specified for firstInit piece.
22:21:13.156 ERROR  r.v.c.r.chess.graphics.Table - Cell is not specified for firstInit piece.
22:21:13.156 ERROR  r.v.c.r.chess.graphics.Table - Cell is not specified for firstInit piece.
22:21:13.156 ERROR  r.v.c.r.chess.graphics.Table - Cell is not specified for firstInit piece.
22:21:13.156 ERROR  r.v.c.r.chess.graphics.Table - Cell is not specified for firstInit piece.
22:21:13.156 ERROR  r.v.c.r.chess.graphics.Table - Cell is not specified for firstInit piece.
22:21:13.156 ERROR  r.v.c.r.chess.graphics.Table - Cell is not specified for firstInit piece.
22:21:13.156 ERROR  r.v.c.r.chess.graphics.Table - Cell is not specified for firstInit piece.
22:21:13.156 ERROR  r.v.c.r.chess.graphics.Table - Cell is not specified for firstInit piece.
22:21:13.156 ERROR  r.v.c.r.chess.graphics.Table - Cell is not specified for firstInit piece.
22:21:13.157 ERROR  r.v.c.r.chess.graphics.Table - Cell is not specified for firstInit piece.
22:21:13.157 ERROR  r.v.c.r.chess.graphics.Table - Cell is not specified for firstInit piece.
22:21:13.157 ERROR  r.v.c.r.chess.graphics.Table - Cell is not specified for firstInit piece.
22:21:13.157 ERROR  r.v.c.r.chess.graphics.Table - Cell is not specified for firstInit piece.
22:21:13.157 ERROR  r.v.c.r.chess.graphics.Table - Cell is not specified for firstInit piece.
22:21:13.157 ERROR  r.v.c.r.chess.graphics.Table - Cell is not specified for firstInit piece.
22:21:13.157 ERROR  r.v.c.r.chess.graphics.Table - Cell is not specified for firstInit piece.
22:21:13.157 ERROR  r.v.c.r.chess.graphics.Table - Cell is not specified for firstInit piece.
22:21:13.157 ERROR  r.v.c.r.chess.graphics.Table - Cell is not specified for firstInit piece.
22:21:13.158 ERROR  r.v.c.r.chess.graphics.Table - Cell is not specified for firstInit piece.
22:21:13.160 INFO   r.v.c.r.chess.graphics.Table - Piece P was put on: A7 successfully.
22:21:13.161 INFO   r.v.c.r.chess.graphics.Table - Piece P was put on: B7 successfully.
22:21:13.161 INFO   r.v.c.r.chess.graphics.Table - Piece P was put on: C7 successfully.
22:21:13.161 INFO   r.v.c.r.chess.graphics.Table - Piece P was put on: D7 successfully.
22:21:13.161 INFO   r.v.c.r.chess.graphics.Table - Piece P was put on: E7 successfully.
22:21:13.162 INFO   r.v.c.r.chess.graphics.Table - Piece P was put on: F7 successfully.
22:21:13.162 INFO   r.v.c.r.chess.graphics.Table - Piece P was put on: G7 successfully.
22:21:13.163 INFO   r.v.c.r.chess.graphics.Table - Piece P was put on: H7 successfully.
22:21:13.167 INFO   r.v.c.r.chess.graphics.Table - Piece R was put on: A8 successfully.
22:21:13.171 INFO   r.v.c.r.chess.graphics.Table - Piece Knt was put on: B8 successfully.
22:21:13.173 INFO   r.v.c.r.chess.graphics.Table - Piece B was put on: C8 successfully.
22:21:13.176 INFO   r.v.c.r.chess.graphics.Table - Piece Q was put on: D8 successfully.
22:21:13.180 INFO   r.v.c.r.chess.graphics.Table - Piece K was put on: E8 successfully.
22:21:13.181 INFO   r.v.c.r.chess.graphics.Table - Piece B was put on: F8 successfully.
22:21:13.181 INFO   r.v.c.r.chess.graphics.Table - Piece Knt was put on: G8 successfully.
22:21:13.181 INFO   r.v.c.r.chess.graphics.Table - Piece R was put on: H8 successfully.
22:21:13.528 INFO   r.v.c.r.chess.graphics.Table - Table was init successfully.
22:22:54.395 INFO   r.v.c.r.c.essence.board.Board - Board init was successful.
22:22:54.449 INFO   r.v.c.r.chess.graphics.Table - Piece R was put on: A1 successfully.
22:22:54.456 INFO   r.v.c.r.chess.graphics.Table - Piece Knt was put on: B1 successfully.
22:22:54.461 INFO   r.v.c.r.chess.graphics.Table - Piece B was put on: C1 successfully.
22:22:54.466 INFO   r.v.c.r.chess.graphics.Table - Piece Q was put on: D1 successfully.
22:22:54.471 INFO   r.v.c.r.chess.graphics.Table - Piece K was put on: E1 successfully.
22:22:54.471 INFO   r.v.c.r.chess.graphics.Table - Piece B was put on: F1 successfully.
22:22:54.471 INFO   r.v.c.r.chess.graphics.Table - Piece Knt was put on: G1 successfully.
22:22:54.471 INFO   r.v.c.r.chess.graphics.Table - Piece R was put on: H1 successfully.
22:22:54.475 INFO   r.v.c.r.chess.graphics.Table - Piece P was put on: A2 successfully.
22:22:54.476 INFO   r.v.c.r.chess.graphics.Table - Piece P was put on: B2 successfully.
22:22:54.476 INFO   r.v.c.r.chess.graphics.Table - Piece P was put on: C2 successfully.
22:22:54.476 INFO   r.v.c.r.chess.graphics.Table - Piece P was put on: D2 successfully.
22:22:54.476 INFO   r.v.c.r.chess.graphics.Table - Piece P was put on: E2 successfully.
22:22:54.477 INFO   r.v.c.r.chess.graphics.Table - Piece P was put on: F2 successfully.
22:22:54.477 INFO   r.v.c.r.chess.graphics.Table - Piece P was put on: G2 successfully.
22:22:54.477 INFO   r.v.c.r.chess.graphics.Table - Piece P was put on: H2 successfully.
22:22:54.478 ERROR  r.v.c.r.chess.graphics.Table - Cell is not specified for firstInit piece.
22:22:54.478 ERROR  r.v.c.r.chess.graphics.Table - Cell is not specified for firstInit piece.
22:22:54.478 ERROR  r.v.c.r.chess.graphics.Table - Cell is not specified for firstInit piece.
22:22:54.478 ERROR  r.v.c.r.chess.graphics.Table - Cell is not specified for firstInit piece.
22:22:54.478 ERROR  r.v.c.r.chess.graphics.Table - Cell is not specified for firstInit piece.
22:22:54.478 ERROR  r.v.c.r.chess.graphics.Table - Cell is not specified for firstInit piece.
22:22:54.478 ERROR  r.v.c.r.chess.graphics.Table - Cell is not specified for firstInit piece.
22:22:54.478 ERROR  r.v.c.r.chess.graphics.Table - Cell is not specified for firstInit piece.
22:22:54.478 ERROR  r.v.c.r.chess.graphics.Table - Cell is not specified for firstInit piece.
22:22:54.478 ERROR  r.v.c.r.chess.graphics.Table - Cell is not specified for firstInit piece.
22:22:54.478 ERROR  r.v.c.r.chess.graphics.Table - Cell is not specified for firstInit piece.
22:22:54.479 ERROR  r.v.c.r.chess.graphics.Table - Cell is not specified for firstInit piece.
22:22:54.479 ERROR  r.v.c.r.chess.graphics.Table - Cell is not specified for firstInit piece.
22:22:54.479 ERROR  r.v.c.r.chess.graphics.Table - Cell is not specified for firstInit piece.
22:22:54.479 ERROR  r.v.c.r.chess.graphics.Table - Cell is not specified for firstInit piece.
22:22:54.479 ERROR  r.v.c.r.chess.graphics.Table - Cell is not specified for firstInit piece.
22:22:54.479 ERROR  r.v.c.r.chess.graphics.Table - Cell is not specified for firstInit piece.
22:22:54.479 ERROR  r.v.c.r.chess.graphics.Table - Cell is not specified for firstInit piece.
22:22:54.479 ERROR  r.v.c.r.chess.graphics.Table - Cell is not specified for firstInit piece.
22:22:54.479 ERROR  r.v.c.r.chess.graphics.Table - Cell is not specified for firstInit piece.
22:22:54.479 ERROR  r.v.c.r.chess.graphics.Table - Cell is not specified for firstInit piece.
22:22:54.479 ERROR  r.v.c.r.chess.graphics.Table - Cell is not specified for firstInit piece.
22:22:54.480 ERROR  r.v.c.r.chess.graphics.Table - Cell is not specified for firstInit piece.
22:22:54.480 ERROR  r.v.c.r.chess.graphics.Table - Cell is not specified for firstInit piece.
22:22:54.480 ERROR  r.v.c.r.chess.graphics.Table - Cell is not specified for firstInit piece.
22:22:54.480 ERROR  r.v.c.r.chess.graphics.Table - Cell is not specified for firstInit piece.
22:22:54.480 ERROR  r.v.c.r.chess.graphics.Table - Cell is not specified for firstInit piece.
22:22:54.480 ERROR  r.v.c.r.chess.graphics.Table - Cell is not specified for firstInit piece.
22:22:54.480 ERROR  r.v.c.r.chess.graphics.Table - Cell is not specified for firstInit piece.
22:22:54.480 ERROR  r.v.c.r.chess.graphics.Table - Cell is not specified for firstInit piece.
22:22:54.480 ERROR  r.v.c.r.chess.graphics.Table - Cell is not specified for firstInit piece.
22:22:54.480 ERROR  r.v.c.r.chess.graphics.Table - Cell is not specified for firstInit piece.
22:22:54.483 INFO   r.v.c.r.chess.graphics.Table - Piece P was put on: A7 successfully.
22:22:54.483 INFO   r.v.c.r.chess.graphics.Table - Piece P was put on: B7 successfully.
22:22:54.483 INFO   r.v.c.r.chess.graphics.Table - Piece P was put on: C7 successfully.
22:22:54.484 INFO   r.v.c.r.chess.graphics.Table - Piece P was put on: D7 successfully.
22:22:54.484 INFO   r.v.c.r.chess.graphics.Table - Piece P was put on: E7 successfully.
22:22:54.484 INFO   r.v.c.r.chess.graphics.Table - Piece P was put on: F7 successfully.
22:22:54.484 INFO   r.v.c.r.chess.graphics.Table - Piece P was put on: G7 successfully.
22:22:54.484 INFO   r.v.c.r.chess.graphics.Table - Piece P was put on: H7 successfully.
22:22:54.488 INFO   r.v.c.r.chess.graphics.Table - Piece R was put on: A8 successfully.
22:22:54.492 INFO   r.v.c.r.chess.graphics.Table - Piece Knt was put on: B8 successfully.
22:22:54.494 INFO   r.v.c.r.chess.graphics.Table - Piece B was put on: C8 successfully.
22:22:54.496 INFO   r.v.c.r.chess.graphics.Table - Piece Q was put on: D8 successfully.
22:22:54.498 INFO   r.v.c.r.chess.graphics.Table - Piece K was put on: E8 successfully.
22:22:54.498 INFO   r.v.c.r.chess.graphics.Table - Piece B was put on: F8 successfully.
22:22:54.499 INFO   r.v.c.r.chess.graphics.Table - Piece Knt was put on: G8 successfully.
22:22:54.499 INFO   r.v.c.r.chess.graphics.Table - Piece R was put on: H8 successfully.
22:22:54.702 INFO   r.v.c.r.chess.graphics.Table - Table was init successfully.
22:23:16.972 INFO   r.v.c.r.c.essence.board.Board - Board init was successful.
22:23:17.023 INFO   r.v.c.r.chess.graphics.Table - Piece R was put on: A1 successfully.
22:23:17.030 INFO   r.v.c.r.chess.graphics.Table - Piece Knt was put on: B1 successfully.
22:23:17.035 INFO   r.v.c.r.chess.graphics.Table - Piece B was put on: C1 successfully.
22:23:17.039 INFO   r.v.c.r.chess.graphics.Table - Piece Q was put on: D1 successfully.
22:23:17.044 INFO   r.v.c.r.chess.graphics.Table - Piece K was put on: E1 successfully.
22:23:17.044 INFO   r.v.c.r.chess.graphics.Table - Piece B was put on: F1 successfully.
22:23:17.045 INFO   r.v.c.r.chess.graphics.Table - Piece Knt was put on: G1 successfully.
22:23:17.045 INFO   r.v.c.r.chess.graphics.Table - Piece R was put on: H1 successfully.
22:23:17.049 INFO   r.v.c.r.chess.graphics.Table - Piece P was put on: A2 successfully.
22:23:17.049 INFO   r.v.c.r.chess.graphics.Table - Piece P was put on: B2 successfully.
22:23:17.049 INFO   r.v.c.r.chess.graphics.Table - Piece P was put on: C2 successfully.
22:23:17.049 INFO   r.v.c.r.chess.graphics.Table - Piece P was put on: D2 successfully.
22:23:17.049 INFO   r.v.c.r.chess.graphics.Table - Piece P was put on: E2 successfully.
22:23:17.050 INFO   r.v.c.r.chess.graphics.Table - Piece P was put on: F2 successfully.
22:23:17.050 INFO   r.v.c.r.chess.graphics.Table - Piece P was put on: G2 successfully.
22:23:17.050 INFO   r.v.c.r.chess.graphics.Table - Piece P was put on: H2 successfully.
22:23:17.050 ERROR  r.v.c.r.chess.graphics.Table - Cell is not specified for firstInit piece.
22:23:17.050 ERROR  r.v.c.r.chess.graphics.Table - Cell is not specified for firstInit piece.
22:23:17.050 ERROR  r.v.c.r.chess.graphics.Table - Cell is not specified for firstInit piece.
22:23:17.051 ERROR  r.v.c.r.chess.graphics.Table - Cell is not specified for firstInit piece.
22:23:17.051 ERROR  r.v.c.r.chess.graphics.Table - Cell is not specified for firstInit piece.
22:23:17.051 ERROR  r.v.c.r.chess.graphics.Table - Cell is not specified for firstInit piece.
22:23:17.051 ERROR  r.v.c.r.chess.graphics.Table - Cell is not specified for firstInit piece.
22:23:17.051 ERROR  r.v.c.r.chess.graphics.Table - Cell is not specified for firstInit piece.
22:23:17.051 ERROR  r.v.c.r.chess.graphics.Table - Cell is not specified for firstInit piece.
22:23:17.051 ERROR  r.v.c.r.chess.graphics.Table - Cell is not specified for firstInit piece.
22:23:17.051 ERROR  r.v.c.r.chess.graphics.Table - Cell is not specified for firstInit piece.
22:23:17.052 ERROR  r.v.c.r.chess.graphics.Table - Cell is not specified for firstInit piece.
22:23:17.052 ERROR  r.v.c.r.chess.graphics.Table - Cell is not specified for firstInit piece.
22:23:17.052 ERROR  r.v.c.r.chess.graphics.Table - Cell is not specified for firstInit piece.
22:23:17.052 ERROR  r.v.c.r.chess.graphics.Table - Cell is not specified for firstInit piece.
22:23:17.053 ERROR  r.v.c.r.chess.graphics.Table - Cell is not specified for firstInit piece.
22:23:17.053 ERROR  r.v.c.r.chess.graphics.Table - Cell is not specified for firstInit piece.
22:23:17.053 ERROR  r.v.c.r.chess.graphics.Table - Cell is not specified for firstInit piece.
22:23:17.053 ERROR  r.v.c.r.chess.graphics.Table - Cell is not specified for firstInit piece.
22:23:17.053 ERROR  r.v.c.r.chess.graphics.Table - Cell is not specified for firstInit piece.
22:23:17.053 ERROR  r.v.c.r.chess.graphics.Table - Cell is not specified for firstInit piece.
22:23:17.053 ERROR  r.v.c.r.chess.graphics.Table - Cell is not specified for firstInit piece.
22:23:17.053 ERROR  r.v.c.r.chess.graphics.Table - Cell is not specified for firstInit piece.
22:23:17.054 ERROR  r.v.c.r.chess.graphics.Table - Cell is not specified for firstInit piece.
22:23:17.054 ERROR  r.v.c.r.chess.graphics.Table - Cell is not specified for firstInit piece.
22:23:17.054 ERROR  r.v.c.r.chess.graphics.Table - Cell is not specified for firstInit piece.
22:23:17.054 ERROR  r.v.c.r.chess.graphics.Table - Cell is not specified for firstInit piece.
22:23:17.054 ERROR  r.v.c.r.chess.graphics.Table - Cell is not specified for firstInit piece.
22:23:17.054 ERROR  r.v.c.r.chess.graphics.Table - Cell is not specified for firstInit piece.
22:23:17.054 ERROR  r.v.c.r.chess.graphics.Table - Cell is not specified for firstInit piece.
22:23:17.054 ERROR  r.v.c.r.chess.graphics.Table - Cell is not specified for firstInit piece.
22:23:17.054 ERROR  r.v.c.r.chess.graphics.Table - Cell is not specified for firstInit piece.
22:23:17.057 INFO   r.v.c.r.chess.graphics.Table - Piece P was put on: A7 successfully.
22:23:17.058 INFO   r.v.c.r.chess.graphics.Table - Piece P was put on: B7 successfully.
22:23:17.058 INFO   r.v.c.r.chess.graphics.Table - Piece P was put on: C7 successfully.
22:23:17.058 INFO   r.v.c.r.chess.graphics.Table - Piece P was put on: D7 successfully.
22:23:17.058 INFO   r.v.c.r.chess.graphics.Table - Piece P was put on: E7 successfully.
22:23:17.059 INFO   r.v.c.r.chess.graphics.Table - Piece P was put on: F7 successfully.
22:23:17.059 INFO   r.v.c.r.chess.graphics.Table - Piece P was put on: G7 successfully.
22:23:17.059 INFO   r.v.c.r.chess.graphics.Table - Piece P was put on: H7 successfully.
22:23:17.062 INFO   r.v.c.r.chess.graphics.Table - Piece R was put on: A8 successfully.
22:23:17.065 INFO   r.v.c.r.chess.graphics.Table - Piece Knt was put on: B8 successfully.
22:23:17.067 INFO   r.v.c.r.chess.graphics.Table - Piece B was put on: C8 successfully.
22:23:17.069 INFO   r.v.c.r.chess.graphics.Table - Piece Q was put on: D8 successfully.
22:23:17.072 INFO   r.v.c.r.chess.graphics.Table - Piece K was put on: E8 successfully.
22:23:17.072 INFO   r.v.c.r.chess.graphics.Table - Piece B was put on: F8 successfully.
22:23:17.073 INFO   r.v.c.r.chess.graphics.Table - Piece Knt was put on: G8 successfully.
22:23:17.073 INFO   r.v.c.r.chess.graphics.Table - Piece R was put on: H8 successfully.
22:23:17.348 INFO   r.v.c.r.chess.graphics.Table - Table was init successfully.
22:23:19.119 INFO   r.v.c.r.c.g.Controller - Application launched successfully.
22:23:27.313 INFO   r.v.c.r.c.essence.board.Board - Board init was successful.
22:23:27.373 INFO   r.v.c.r.chess.graphics.Table - Piece R was put on: A1 successfully.
22:23:27.380 INFO   r.v.c.r.chess.graphics.Table - Piece Knt was put on: B1 successfully.
22:23:27.384 INFO   r.v.c.r.chess.graphics.Table - Piece B was put on: C1 successfully.
22:23:27.389 INFO   r.v.c.r.chess.graphics.Table - Piece Q was put on: D1 successfully.
22:23:27.394 INFO   r.v.c.r.chess.graphics.Table - Piece K was put on: E1 successfully.
22:23:27.395 INFO   r.v.c.r.chess.graphics.Table - Piece B was put on: F1 successfully.
22:23:27.395 INFO   r.v.c.r.chess.graphics.Table - Piece Knt was put on: G1 successfully.
22:23:27.395 INFO   r.v.c.r.chess.graphics.Table - Piece R was put on: H1 successfully.
22:23:27.399 INFO   r.v.c.r.chess.graphics.Table - Piece P was put on: A2 successfully.
22:23:27.400 INFO   r.v.c.r.chess.graphics.Table - Piece P was put on: B2 successfully.
22:23:27.400 INFO   r.v.c.r.chess.graphics.Table - Piece P was put on: C2 successfully.
22:23:27.401 INFO   r.v.c.r.chess.graphics.Table - Piece P was put on: D2 successfully.
22:23:27.401 INFO   r.v.c.r.chess.graphics.Table - Piece P was put on: E2 successfully.
22:23:27.401 INFO   r.v.c.r.chess.graphics.Table - Piece P was put on: F2 successfully.
22:23:27.401 INFO   r.v.c.r.chess.graphics.Table - Piece P was put on: G2 successfully.
22:23:27.402 INFO   r.v.c.r.chess.graphics.Table - Piece P was put on: H2 successfully.
22:23:27.402 ERROR  r.v.c.r.chess.graphics.Table - Cell is not specified for firstInit piece.
22:23:27.402 ERROR  r.v.c.r.chess.graphics.Table - Cell is not specified for firstInit piece.
22:23:27.402 ERROR  r.v.c.r.chess.graphics.Table - Cell is not specified for firstInit piece.
22:23:27.402 ERROR  r.v.c.r.chess.graphics.Table - Cell is not specified for firstInit piece.
22:23:27.402 ERROR  r.v.c.r.chess.graphics.Table - Cell is not specified for firstInit piece.
22:23:27.402 ERROR  r.v.c.r.chess.graphics.Table - Cell is not specified for firstInit piece.
22:23:27.403 ERROR  r.v.c.r.chess.graphics.Table - Cell is not specified for firstInit piece.
22:23:27.403 ERROR  r.v.c.r.chess.graphics.Table - Cell is not specified for firstInit piece.
22:23:27.403 ERROR  r.v.c.r.chess.graphics.Table - Cell is not specified for firstInit piece.
22:23:27.403 ERROR  r.v.c.r.chess.graphics.Table - Cell is not specified for firstInit piece.
22:23:27.403 ERROR  r.v.c.r.chess.graphics.Table - Cell is not specified for firstInit piece.
22:23:27.403 ERROR  r.v.c.r.chess.graphics.Table - Cell is not specified for firstInit piece.
22:23:27.403 ERROR  r.v.c.r.chess.graphics.Table - Cell is not specified for firstInit piece.
22:23:27.403 ERROR  r.v.c.r.chess.graphics.Table - Cell is not specified for firstInit piece.
22:23:27.404 ERROR  r.v.c.r.chess.graphics.Table - Cell is not specified for firstInit piece.
22:23:27.404 ERROR  r.v.c.r.chess.graphics.Table - Cell is not specified for firstInit piece.
22:23:27.404 ERROR  r.v.c.r.chess.graphics.Table - Cell is not specified for firstInit piece.
22:23:27.404 ERROR  r.v.c.r.chess.graphics.Table - Cell is not specified for firstInit piece.
22:23:27.404 ERROR  r.v.c.r.chess.graphics.Table - Cell is not specified for firstInit piece.
22:23:27.404 ERROR  r.v.c.r.chess.graphics.Table - Cell is not specified for firstInit piece.
22:23:27.404 ERROR  r.v.c.r.chess.graphics.Table - Cell is not specified for firstInit piece.
22:23:27.404 ERROR  r.v.c.r.chess.graphics.Table - Cell is not specified for firstInit piece.
22:23:27.405 ERROR  r.v.c.r.chess.graphics.Table - Cell is not specified for firstInit piece.
22:23:27.405 ERROR  r.v.c.r.chess.graphics.Table - Cell is not specified for firstInit piece.
22:23:27.405 ERROR  r.v.c.r.chess.graphics.Table - Cell is not specified for firstInit piece.
22:23:27.405 ERROR  r.v.c.r.chess.graphics.Table - Cell is not specified for firstInit piece.
22:23:27.405 ERROR  r.v.c.r.chess.graphics.Table - Cell is not specified for firstInit piece.
22:23:27.405 ERROR  r.v.c.r.chess.graphics.Table - Cell is not specified for firstInit piece.
22:23:27.405 ERROR  r.v.c.r.chess.graphics.Table - Cell is not specified for firstInit piece.
22:23:27.405 ERROR  r.v.c.r.chess.graphics.Table - Cell is not specified for firstInit piece.
22:23:27.405 ERROR  r.v.c.r.chess.graphics.Table - Cell is not specified for firstInit piece.
22:23:27.406 ERROR  r.v.c.r.chess.graphics.Table - Cell is not specified for firstInit piece.
22:23:27.408 INFO   r.v.c.r.chess.graphics.Table - Piece P was put on: A7 successfully.
22:23:27.409 INFO   r.v.c.r.chess.graphics.Table - Piece P was put on: B7 successfully.
22:23:27.409 INFO   r.v.c.r.chess.graphics.Table - Piece P was put on: C7 successfully.
22:23:27.409 INFO   r.v.c.r.chess.graphics.Table - Piece P was put on: D7 successfully.
22:23:27.409 INFO   r.v.c.r.chess.graphics.Table - Piece P was put on: E7 successfully.
22:23:27.410 INFO   r.v.c.r.chess.graphics.Table - Piece P was put on: F7 successfully.
22:23:27.410 INFO   r.v.c.r.chess.graphics.Table - Piece P was put on: G7 successfully.
22:23:27.411 INFO   r.v.c.r.chess.graphics.Table - Piece P was put on: H7 successfully.
22:23:27.415 INFO   r.v.c.r.chess.graphics.Table - Piece R was put on: A8 successfully.
22:23:27.418 INFO   r.v.c.r.chess.graphics.Table - Piece Knt was put on: B8 successfully.
22:23:27.420 INFO   r.v.c.r.chess.graphics.Table - Piece B was put on: C8 successfully.
22:23:27.423 INFO   r.v.c.r.chess.graphics.Table - Piece Q was put on: D8 successfully.
22:23:27.427 INFO   r.v.c.r.chess.graphics.Table - Piece K was put on: E8 successfully.
22:23:27.427 INFO   r.v.c.r.chess.graphics.Table - Piece B was put on: F8 successfully.
22:23:27.427 INFO   r.v.c.r.chess.graphics.Table - Piece Knt was put on: G8 successfully.
22:23:27.427 INFO   r.v.c.r.chess.graphics.Table - Piece R was put on: H8 successfully.
22:23:27.941 INFO   r.v.c.r.chess.graphics.Table - Table was init successfully.
22:25:30.660 INFO   r.v.c.r.c.essence.board.Board - Board init was successful.
22:25:30.713 INFO   r.v.c.r.chess.graphics.Table - Piece R was put on: A1 successfully.
22:25:30.719 INFO   r.v.c.r.chess.graphics.Table - Piece Knt was put on: B1 successfully.
22:25:30.723 INFO   r.v.c.r.chess.graphics.Table - Piece B was put on: C1 successfully.
22:25:30.728 INFO   r.v.c.r.chess.graphics.Table - Piece Q was put on: D1 successfully.
22:25:30.733 INFO   r.v.c.r.chess.graphics.Table - Piece K was put on: E1 successfully.
22:25:30.734 INFO   r.v.c.r.chess.graphics.Table - Piece B was put on: F1 successfully.
22:25:30.735 INFO   r.v.c.r.chess.graphics.Table - Piece Knt was put on: G1 successfully.
22:25:30.735 INFO   r.v.c.r.chess.graphics.Table - Piece R was put on: H1 successfully.
22:25:30.739 INFO   r.v.c.r.chess.graphics.Table - Piece P was put on: A2 successfully.
22:25:30.739 INFO   r.v.c.r.chess.graphics.Table - Piece P was put on: B2 successfully.
22:25:30.740 INFO   r.v.c.r.chess.graphics.Table - Piece P was put on: C2 successfully.
22:25:30.740 INFO   r.v.c.r.chess.graphics.Table - Piece P was put on: D2 successfully.
22:25:30.740 INFO   r.v.c.r.chess.graphics.Table - Piece P was put on: E2 successfully.
22:25:30.740 INFO   r.v.c.r.chess.graphics.Table - Piece P was put on: F2 successfully.
22:25:30.740 INFO   r.v.c.r.chess.graphics.Table - Piece P was put on: G2 successfully.
22:25:30.740 INFO   r.v.c.r.chess.graphics.Table - Piece P was put on: H2 successfully.
22:25:30.740 ERROR  r.v.c.r.chess.graphics.Table - Cell is not specified for firstInit piece.
22:25:30.741 ERROR  r.v.c.r.chess.graphics.Table - Cell is not specified for firstInit piece.
22:25:30.741 ERROR  r.v.c.r.chess.graphics.Table - Cell is not specified for firstInit piece.
22:25:30.741 ERROR  r.v.c.r.chess.graphics.Table - Cell is not specified for firstInit piece.
22:25:30.741 ERROR  r.v.c.r.chess.graphics.Table - Cell is not specified for firstInit piece.
22:25:30.741 ERROR  r.v.c.r.chess.graphics.Table - Cell is not specified for firstInit piece.
22:25:30.741 ERROR  r.v.c.r.chess.graphics.Table - Cell is not specified for firstInit piece.
22:25:30.742 ERROR  r.v.c.r.chess.graphics.Table - Cell is not specified for firstInit piece.
22:25:30.742 ERROR  r.v.c.r.chess.graphics.Table - Cell is not specified for firstInit piece.
22:25:30.742 ERROR  r.v.c.r.chess.graphics.Table - Cell is not specified for firstInit piece.
22:25:30.742 ERROR  r.v.c.r.chess.graphics.Table - Cell is not specified for firstInit piece.
22:25:30.742 ERROR  r.v.c.r.chess.graphics.Table - Cell is not specified for firstInit piece.
22:25:30.742 ERROR  r.v.c.r.chess.graphics.Table - Cell is not specified for firstInit piece.
22:25:30.742 ERROR  r.v.c.r.chess.graphics.Table - Cell is not specified for firstInit piece.
22:25:30.743 ERROR  r.v.c.r.chess.graphics.Table - Cell is not specified for firstInit piece.
22:25:30.743 ERROR  r.v.c.r.chess.graphics.Table - Cell is not specified for firstInit piece.
22:25:30.743 ERROR  r.v.c.r.chess.graphics.Table - Cell is not specified for firstInit piece.
22:25:30.743 ERROR  r.v.c.r.chess.graphics.Table - Cell is not specified for firstInit piece.
22:25:30.743 ERROR  r.v.c.r.chess.graphics.Table - Cell is not specified for firstInit piece.
22:25:30.743 ERROR  r.v.c.r.chess.graphics.Table - Cell is not specified for firstInit piece.
22:25:30.743 ERROR  r.v.c.r.chess.graphics.Table - Cell is not specified for firstInit piece.
22:25:30.743 ERROR  r.v.c.r.chess.graphics.Table - Cell is not specified for firstInit piece.
22:25:30.744 ERROR  r.v.c.r.chess.graphics.Table - Cell is not specified for firstInit piece.
22:25:30.744 ERROR  r.v.c.r.chess.graphics.Table - Cell is not specified for firstInit piece.
22:25:30.744 ERROR  r.v.c.r.chess.graphics.Table - Cell is not specified for firstInit piece.
22:25:30.744 ERROR  r.v.c.r.chess.graphics.Table - Cell is not specified for firstInit piece.
22:25:30.744 ERROR  r.v.c.r.chess.graphics.Table - Cell is not specified for firstInit piece.
22:25:30.744 ERROR  r.v.c.r.chess.graphics.Table - Cell is not specified for firstInit piece.
22:25:30.744 ERROR  r.v.c.r.chess.graphics.Table - Cell is not specified for firstInit piece.
22:25:30.744 ERROR  r.v.c.r.chess.graphics.Table - Cell is not specified for firstInit piece.
22:25:30.744 ERROR  r.v.c.r.chess.graphics.Table - Cell is not specified for firstInit piece.
22:25:30.744 ERROR  r.v.c.r.chess.graphics.Table - Cell is not specified for firstInit piece.
22:25:30.747 INFO   r.v.c.r.chess.graphics.Table - Piece P was put on: A7 successfully.
22:25:30.748 INFO   r.v.c.r.chess.graphics.Table - Piece P was put on: B7 successfully.
22:25:30.748 INFO   r.v.c.r.chess.graphics.Table - Piece P was put on: C7 successfully.
22:25:30.748 INFO   r.v.c.r.chess.graphics.Table - Piece P was put on: D7 successfully.
22:25:30.748 INFO   r.v.c.r.chess.graphics.Table - Piece P was put on: E7 successfully.
22:25:30.748 INFO   r.v.c.r.chess.graphics.Table - Piece P was put on: F7 successfully.
22:25:30.749 INFO   r.v.c.r.chess.graphics.Table - Piece P was put on: G7 successfully.
22:25:30.749 INFO   r.v.c.r.chess.graphics.Table - Piece P was put on: H7 successfully.
22:25:30.753 INFO   r.v.c.r.chess.graphics.Table - Piece R was put on: A8 successfully.
22:25:30.757 INFO   r.v.c.r.chess.graphics.Table - Piece Knt was put on: B8 successfully.
22:25:30.759 INFO   r.v.c.r.chess.graphics.Table - Piece B was put on: C8 successfully.
22:25:30.762 INFO   r.v.c.r.chess.graphics.Table - Piece Q was put on: D8 successfully.
22:25:30.765 INFO   r.v.c.r.chess.graphics.Table - Piece K was put on: E8 successfully.
22:25:30.765 INFO   r.v.c.r.chess.graphics.Table - Piece B was put on: F8 successfully.
22:25:30.766 INFO   r.v.c.r.chess.graphics.Table - Piece Knt was put on: G8 successfully.
22:25:30.766 INFO   r.v.c.r.chess.graphics.Table - Piece R was put on: H8 successfully.
22:25:31.022 INFO   r.v.c.r.chess.graphics.Table - Table was init successfully.
22:25:35.517 INFO   r.v.c.r.c.g.Controller - Application launched successfully.
22:26:34.833 INFO   r.v.c.r.c.essence.board.Board - Board init was successful.
22:26:34.952 INFO   r.v.c.r.chess.graphics.Table - Piece R was put on: A1 successfully.
22:26:34.967 INFO   r.v.c.r.chess.graphics.Table - Piece Knt was put on: B1 successfully.
22:26:34.974 INFO   r.v.c.r.chess.graphics.Table - Piece B was put on: C1 successfully.
22:26:34.979 INFO   r.v.c.r.chess.graphics.Table - Piece Q was put on: D1 successfully.
22:26:34.983 INFO   r.v.c.r.chess.graphics.Table - Piece K was put on: E1 successfully.
22:26:34.984 INFO   r.v.c.r.chess.graphics.Table - Piece B was put on: F1 successfully.
22:26:34.984 INFO   r.v.c.r.chess.graphics.Table - Piece Knt was put on: G1 successfully.
22:26:34.985 INFO   r.v.c.r.chess.graphics.Table - Piece R was put on: H1 successfully.
22:26:34.989 INFO   r.v.c.r.chess.graphics.Table - Piece P was put on: A2 successfully.
22:26:34.989 INFO   r.v.c.r.chess.graphics.Table - Piece P was put on: B2 successfully.
22:26:34.989 INFO   r.v.c.r.chess.graphics.Table - Piece P was put on: C2 successfully.
22:26:34.989 INFO   r.v.c.r.chess.graphics.Table - Piece P was put on: D2 successfully.
22:26:34.989 INFO   r.v.c.r.chess.graphics.Table - Piece P was put on: E2 successfully.
22:26:34.990 INFO   r.v.c.r.chess.graphics.Table - Piece P was put on: F2 successfully.
22:26:34.990 INFO   r.v.c.r.chess.graphics.Table - Piece P was put on: G2 successfully.
22:26:34.990 INFO   r.v.c.r.chess.graphics.Table - Piece P was put on: H2 successfully.
22:26:34.990 ERROR  r.v.c.r.chess.graphics.Table - Cell is not specified for firstInit piece.
22:26:34.991 ERROR  r.v.c.r.chess.graphics.Table - Cell is not specified for firstInit piece.
22:26:34.991 ERROR  r.v.c.r.chess.graphics.Table - Cell is not specified for firstInit piece.
22:26:34.991 ERROR  r.v.c.r.chess.graphics.Table - Cell is not specified for firstInit piece.
22:26:34.991 ERROR  r.v.c.r.chess.graphics.Table - Cell is not specified for firstInit piece.
22:26:34.991 ERROR  r.v.c.r.chess.graphics.Table - Cell is not specified for firstInit piece.
22:26:34.991 ERROR  r.v.c.r.chess.graphics.Table - Cell is not specified for firstInit piece.
22:26:34.992 ERROR  r.v.c.r.chess.graphics.Table - Cell is not specified for firstInit piece.
22:26:34.992 ERROR  r.v.c.r.chess.graphics.Table - Cell is not specified for firstInit piece.
22:26:34.992 ERROR  r.v.c.r.chess.graphics.Table - Cell is not specified for firstInit piece.
22:26:34.992 ERROR  r.v.c.r.chess.graphics.Table - Cell is not specified for firstInit piece.
22:26:34.992 ERROR  r.v.c.r.chess.graphics.Table - Cell is not specified for firstInit piece.
22:26:34.992 ERROR  r.v.c.r.chess.graphics.Table - Cell is not specified for firstInit piece.
22:26:34.992 ERROR  r.v.c.r.chess.graphics.Table - Cell is not specified for firstInit piece.
22:26:34.992 ERROR  r.v.c.r.chess.graphics.Table - Cell is not specified for firstInit piece.
22:26:34.993 ERROR  r.v.c.r.chess.graphics.Table - Cell is not specified for firstInit piece.
22:26:34.993 ERROR  r.v.c.r.chess.graphics.Table - Cell is not specified for firstInit piece.
22:26:34.993 ERROR  r.v.c.r.chess.graphics.Table - Cell is not specified for firstInit piece.
22:26:34.993 ERROR  r.v.c.r.chess.graphics.Table - Cell is not specified for firstInit piece.
22:26:34.993 ERROR  r.v.c.r.chess.graphics.Table - Cell is not specified for firstInit piece.
22:26:34.993 ERROR  r.v.c.r.chess.graphics.Table - Cell is not specified for firstInit piece.
22:26:34.993 ERROR  r.v.c.r.chess.graphics.Table - Cell is not specified for firstInit piece.
22:26:34.993 ERROR  r.v.c.r.chess.graphics.Table - Cell is not specified for firstInit piece.
22:26:34.994 ERROR  r.v.c.r.chess.graphics.Table - Cell is not specified for firstInit piece.
22:26:34.994 ERROR  r.v.c.r.chess.graphics.Table - Cell is not specified for firstInit piece.
22:26:34.994 ERROR  r.v.c.r.chess.graphics.Table - Cell is not specified for firstInit piece.
22:26:34.994 ERROR  r.v.c.r.chess.graphics.Table - Cell is not specified for firstInit piece.
22:26:34.994 ERROR  r.v.c.r.chess.graphics.Table - Cell is not specified for firstInit piece.
22:26:34.994 ERROR  r.v.c.r.chess.graphics.Table - Cell is not specified for firstInit piece.
22:26:34.994 ERROR  r.v.c.r.chess.graphics.Table - Cell is not specified for firstInit piece.
22:26:34.995 ERROR  r.v.c.r.chess.graphics.Table - Cell is not specified for firstInit piece.
22:26:34.995 ERROR  r.v.c.r.chess.graphics.Table - Cell is not specified for firstInit piece.
22:26:34.997 INFO   r.v.c.r.chess.graphics.Table - Piece P was put on: A7 successfully.
22:26:34.997 INFO   r.v.c.r.chess.graphics.Table - Piece P was put on: B7 successfully.
22:26:34.998 INFO   r.v.c.r.chess.graphics.Table - Piece P was put on: C7 successfully.
22:26:34.998 INFO   r.v.c.r.chess.graphics.Table - Piece P was put on: D7 successfully.
22:26:34.998 INFO   r.v.c.r.chess.graphics.Table - Piece P was put on: E7 successfully.
22:26:34.998 INFO   r.v.c.r.chess.graphics.Table - Piece P was put on: F7 successfully.
22:26:34.999 INFO   r.v.c.r.chess.graphics.Table - Piece P was put on: G7 successfully.
22:26:34.999 INFO   r.v.c.r.chess.graphics.Table - Piece P was put on: H7 successfully.
22:26:35.003 INFO   r.v.c.r.chess.graphics.Table - Piece R was put on: A8 successfully.
22:26:35.007 INFO   r.v.c.r.chess.graphics.Table - Piece Knt was put on: B8 successfully.
22:26:35.010 INFO   r.v.c.r.chess.graphics.Table - Piece B was put on: C8 successfully.
22:26:35.014 INFO   r.v.c.r.chess.graphics.Table - Piece Q was put on: D8 successfully.
22:26:35.021 INFO   r.v.c.r.chess.graphics.Table - Piece K was put on: E8 successfully.
22:26:35.022 INFO   r.v.c.r.chess.graphics.Table - Piece B was put on: F8 successfully.
22:26:35.023 INFO   r.v.c.r.chess.graphics.Table - Piece Knt was put on: G8 successfully.
22:26:35.023 INFO   r.v.c.r.chess.graphics.Table - Piece R was put on: H8 successfully.
22:26:35.297 INFO   r.v.c.r.chess.graphics.Table - Table was init successfully.
22:26:43.243 INFO   r.v.c.r.c.essence.board.Board - Board init was successful.
22:26:43.326 INFO   r.v.c.r.chess.graphics.Table - Piece R was put on: A1 successfully.
22:26:43.332 INFO   r.v.c.r.chess.graphics.Table - Piece Knt was put on: B1 successfully.
22:26:43.336 INFO   r.v.c.r.chess.graphics.Table - Piece B was put on: C1 successfully.
22:26:43.341 INFO   r.v.c.r.chess.graphics.Table - Piece Q was put on: D1 successfully.
22:26:43.345 INFO   r.v.c.r.chess.graphics.Table - Piece K was put on: E1 successfully.
22:26:43.345 INFO   r.v.c.r.chess.graphics.Table - Piece B was put on: F1 successfully.
22:26:43.345 INFO   r.v.c.r.chess.graphics.Table - Piece Knt was put on: G1 successfully.
22:26:43.345 INFO   r.v.c.r.chess.graphics.Table - Piece R was put on: H1 successfully.
22:26:43.349 INFO   r.v.c.r.chess.graphics.Table - Piece P was put on: A2 successfully.
22:26:43.349 INFO   r.v.c.r.chess.graphics.Table - Piece P was put on: B2 successfully.
22:26:43.349 INFO   r.v.c.r.chess.graphics.Table - Piece P was put on: C2 successfully.
22:26:43.350 INFO   r.v.c.r.chess.graphics.Table - Piece P was put on: D2 successfully.
22:26:43.350 INFO   r.v.c.r.chess.graphics.Table - Piece P was put on: E2 successfully.
22:26:43.350 INFO   r.v.c.r.chess.graphics.Table - Piece P was put on: F2 successfully.
22:26:43.350 INFO   r.v.c.r.chess.graphics.Table - Piece P was put on: G2 successfully.
22:26:43.351 INFO   r.v.c.r.chess.graphics.Table - Piece P was put on: H2 successfully.
22:26:43.351 ERROR  r.v.c.r.chess.graphics.Table - Cell is not specified for firstInit piece.
22:26:43.351 ERROR  r.v.c.r.chess.graphics.Table - Cell is not specified for firstInit piece.
22:26:43.351 ERROR  r.v.c.r.chess.graphics.Table - Cell is not specified for firstInit piece.
22:26:43.351 ERROR  r.v.c.r.chess.graphics.Table - Cell is not specified for firstInit piece.
22:26:43.351 ERROR  r.v.c.r.chess.graphics.Table - Cell is not specified for firstInit piece.
22:26:43.351 ERROR  r.v.c.r.chess.graphics.Table - Cell is not specified for firstInit piece.
22:26:43.352 ERROR  r.v.c.r.chess.graphics.Table - Cell is not specified for firstInit piece.
22:26:43.352 ERROR  r.v.c.r.chess.graphics.Table - Cell is not specified for firstInit piece.
22:26:43.352 ERROR  r.v.c.r.chess.graphics.Table - Cell is not specified for firstInit piece.
22:26:43.352 ERROR  r.v.c.r.chess.graphics.Table - Cell is not specified for firstInit piece.
22:26:43.352 ERROR  r.v.c.r.chess.graphics.Table - Cell is not specified for firstInit piece.
22:26:43.352 ERROR  r.v.c.r.chess.graphics.Table - Cell is not specified for firstInit piece.
22:26:43.352 ERROR  r.v.c.r.chess.graphics.Table - Cell is not specified for firstInit piece.
22:26:43.353 ERROR  r.v.c.r.chess.graphics.Table - Cell is not specified for firstInit piece.
22:26:43.353 ERROR  r.v.c.r.chess.graphics.Table - Cell is not specified for firstInit piece.
22:26:43.353 ERROR  r.v.c.r.chess.graphics.Table - Cell is not specified for firstInit piece.
22:26:43.353 ERROR  r.v.c.r.chess.graphics.Table - Cell is not specified for firstInit piece.
22:26:43.353 ERROR  r.v.c.r.chess.graphics.Table - Cell is not specified for firstInit piece.
22:26:43.353 ERROR  r.v.c.r.chess.graphics.Table - Cell is not specified for firstInit piece.
22:26:43.353 ERROR  r.v.c.r.chess.graphics.Table - Cell is not specified for firstInit piece.
22:26:43.353 ERROR  r.v.c.r.chess.graphics.Table - Cell is not specified for firstInit piece.
22:26:43.353 ERROR  r.v.c.r.chess.graphics.Table - Cell is not specified for firstInit piece.
22:26:43.353 ERROR  r.v.c.r.chess.graphics.Table - Cell is not specified for firstInit piece.
22:26:43.353 ERROR  r.v.c.r.chess.graphics.Table - Cell is not specified for firstInit piece.
22:26:43.353 ERROR  r.v.c.r.chess.graphics.Table - Cell is not specified for firstInit piece.
22:26:43.354 ERROR  r.v.c.r.chess.graphics.Table - Cell is not specified for firstInit piece.
22:26:43.354 ERROR  r.v.c.r.chess.graphics.Table - Cell is not specified for firstInit piece.
22:26:43.354 ERROR  r.v.c.r.chess.graphics.Table - Cell is not specified for firstInit piece.
22:26:43.354 ERROR  r.v.c.r.chess.graphics.Table - Cell is not specified for firstInit piece.
22:26:43.354 ERROR  r.v.c.r.chess.graphics.Table - Cell is not specified for firstInit piece.
22:26:43.355 ERROR  r.v.c.r.chess.graphics.Table - Cell is not specified for firstInit piece.
22:26:43.355 ERROR  r.v.c.r.chess.graphics.Table - Cell is not specified for firstInit piece.
22:26:43.357 INFO   r.v.c.r.chess.graphics.Table - Piece P was put on: A7 successfully.
22:26:43.358 INFO   r.v.c.r.chess.graphics.Table - Piece P was put on: B7 successfully.
22:26:43.358 INFO   r.v.c.r.chess.graphics.Table - Piece P was put on: C7 successfully.
22:26:43.358 INFO   r.v.c.r.chess.graphics.Table - Piece P was put on: D7 successfully.
22:26:43.358 INFO   r.v.c.r.chess.graphics.Table - Piece P was put on: E7 successfully.
22:26:43.358 INFO   r.v.c.r.chess.graphics.Table - Piece P was put on: F7 successfully.
22:26:43.359 INFO   r.v.c.r.chess.graphics.Table - Piece P was put on: G7 successfully.
22:26:43.359 INFO   r.v.c.r.chess.graphics.Table - Piece P was put on: H7 successfully.
22:26:43.362 INFO   r.v.c.r.chess.graphics.Table - Piece R was put on: A8 successfully.
22:26:43.366 INFO   r.v.c.r.chess.graphics.Table - Piece Knt was put on: B8 successfully.
22:26:43.367 INFO   r.v.c.r.chess.graphics.Table - Piece B was put on: C8 successfully.
22:26:43.369 INFO   r.v.c.r.chess.graphics.Table - Piece Q was put on: D8 successfully.
22:26:43.372 INFO   r.v.c.r.chess.graphics.Table - Piece K was put on: E8 successfully.
22:26:43.372 INFO   r.v.c.r.chess.graphics.Table - Piece B was put on: F8 successfully.
22:26:43.372 INFO   r.v.c.r.chess.graphics.Table - Piece Knt was put on: G8 successfully.
22:26:43.373 INFO   r.v.c.r.chess.graphics.Table - Piece R was put on: H8 successfully.
22:26:43.686 INFO   r.v.c.r.chess.graphics.Table - Table was init successfully.
22:26:51.929 INFO   r.v.c.r.c.g.Controller - Application launched successfully.
22:27:49.454 INFO   r.v.c.r.c.essence.board.Board - Board init was successful.
22:27:49.497 INFO   r.v.c.r.chess.graphics.Table - Piece R was put on: A1 successfully.
22:27:49.503 INFO   r.v.c.r.chess.graphics.Table - Piece Knt was put on: B1 successfully.
22:27:49.507 INFO   r.v.c.r.chess.graphics.Table - Piece B was put on: C1 successfully.
22:27:49.511 INFO   r.v.c.r.chess.graphics.Table - Piece Q was put on: D1 successfully.
22:27:49.515 INFO   r.v.c.r.chess.graphics.Table - Piece K was put on: E1 successfully.
22:27:49.515 INFO   r.v.c.r.chess.graphics.Table - Piece B was put on: F1 successfully.
22:27:49.516 INFO   r.v.c.r.chess.graphics.Table - Piece Knt was put on: G1 successfully.
22:27:49.516 INFO   r.v.c.r.chess.graphics.Table - Piece R was put on: H1 successfully.
22:27:49.520 INFO   r.v.c.r.chess.graphics.Table - Piece P was put on: A2 successfully.
22:27:49.520 INFO   r.v.c.r.chess.graphics.Table - Piece P was put on: B2 successfully.
22:27:49.520 INFO   r.v.c.r.chess.graphics.Table - Piece P was put on: C2 successfully.
22:27:49.520 INFO   r.v.c.r.chess.graphics.Table - Piece P was put on: D2 successfully.
22:27:49.520 INFO   r.v.c.r.chess.graphics.Table - Piece P was put on: E2 successfully.
22:27:49.521 INFO   r.v.c.r.chess.graphics.Table - Piece P was put on: F2 successfully.
22:27:49.521 INFO   r.v.c.r.chess.graphics.Table - Piece P was put on: G2 successfully.
22:27:49.521 INFO   r.v.c.r.chess.graphics.Table - Piece P was put on: H2 successfully.
22:27:49.521 ERROR  r.v.c.r.chess.graphics.Table - Cell is not specified for firstInit piece.
22:27:49.521 ERROR  r.v.c.r.chess.graphics.Table - Cell is not specified for firstInit piece.
22:27:49.521 ERROR  r.v.c.r.chess.graphics.Table - Cell is not specified for firstInit piece.
22:27:49.521 ERROR  r.v.c.r.chess.graphics.Table - Cell is not specified for firstInit piece.
22:27:49.521 ERROR  r.v.c.r.chess.graphics.Table - Cell is not specified for firstInit piece.
22:27:49.522 ERROR  r.v.c.r.chess.graphics.Table - Cell is not specified for firstInit piece.
22:27:49.522 ERROR  r.v.c.r.chess.graphics.Table - Cell is not specified for firstInit piece.
22:27:49.522 ERROR  r.v.c.r.chess.graphics.Table - Cell is not specified for firstInit piece.
22:27:49.522 ERROR  r.v.c.r.chess.graphics.Table - Cell is not specified for firstInit piece.
22:27:49.522 ERROR  r.v.c.r.chess.graphics.Table - Cell is not specified for firstInit piece.
22:27:49.522 ERROR  r.v.c.r.chess.graphics.Table - Cell is not specified for firstInit piece.
22:27:49.523 ERROR  r.v.c.r.chess.graphics.Table - Cell is not specified for firstInit piece.
22:27:49.523 ERROR  r.v.c.r.chess.graphics.Table - Cell is not specified for firstInit piece.
22:27:49.523 ERROR  r.v.c.r.chess.graphics.Table - Cell is not specified for firstInit piece.
22:27:49.523 ERROR  r.v.c.r.chess.graphics.Table - Cell is not specified for firstInit piece.
22:27:49.523 ERROR  r.v.c.r.chess.graphics.Table - Cell is not specified for firstInit piece.
22:27:49.523 ERROR  r.v.c.r.chess.graphics.Table - Cell is not specified for firstInit piece.
22:27:49.523 ERROR  r.v.c.r.chess.graphics.Table - Cell is not specified for firstInit piece.
22:27:49.523 ERROR  r.v.c.r.chess.graphics.Table - Cell is not specified for firstInit piece.
22:27:49.523 ERROR  r.v.c.r.chess.graphics.Table - Cell is not specified for firstInit piece.
22:27:49.523 ERROR  r.v.c.r.chess.graphics.Table - Cell is not specified for firstInit piece.
22:27:49.523 ERROR  r.v.c.r.chess.graphics.Table - Cell is not specified for firstInit piece.
22:27:49.523 ERROR  r.v.c.r.chess.graphics.Table - Cell is not specified for firstInit piece.
22:27:49.523 ERROR  r.v.c.r.chess.graphics.Table - Cell is not specified for firstInit piece.
22:27:49.524 ERROR  r.v.c.r.chess.graphics.Table - Cell is not specified for firstInit piece.
22:27:49.524 ERROR  r.v.c.r.chess.graphics.Table - Cell is not specified for firstInit piece.
22:27:49.524 ERROR  r.v.c.r.chess.graphics.Table - Cell is not specified for firstInit piece.
22:27:49.524 ERROR  r.v.c.r.chess.graphics.Table - Cell is not specified for firstInit piece.
22:27:49.524 ERROR  r.v.c.r.chess.graphics.Table - Cell is not specified for firstInit piece.
22:27:49.525 ERROR  r.v.c.r.chess.graphics.Table - Cell is not specified for firstInit piece.
22:27:49.525 ERROR  r.v.c.r.chess.graphics.Table - Cell is not specified for firstInit piece.
22:27:49.525 ERROR  r.v.c.r.chess.graphics.Table - Cell is not specified for firstInit piece.
22:27:49.527 INFO   r.v.c.r.chess.graphics.Table - Piece P was put on: A7 successfully.
22:27:49.528 INFO   r.v.c.r.chess.graphics.Table - Piece P was put on: B7 successfully.
22:27:49.528 INFO   r.v.c.r.chess.graphics.Table - Piece P was put on: C7 successfully.
22:27:49.528 INFO   r.v.c.r.chess.graphics.Table - Piece P was put on: D7 successfully.
22:27:49.528 INFO   r.v.c.r.chess.graphics.Table - Piece P was put on: E7 successfully.
22:27:49.529 INFO   r.v.c.r.chess.graphics.Table - Piece P was put on: F7 successfully.
22:27:49.529 INFO   r.v.c.r.chess.graphics.Table - Piece P was put on: G7 successfully.
22:27:49.529 INFO   r.v.c.r.chess.graphics.Table - Piece P was put on: H7 successfully.
22:27:49.533 INFO   r.v.c.r.chess.graphics.Table - Piece R was put on: A8 successfully.
22:27:49.536 INFO   r.v.c.r.chess.graphics.Table - Piece Knt was put on: B8 successfully.
22:27:49.538 INFO   r.v.c.r.chess.graphics.Table - Piece B was put on: C8 successfully.
22:27:49.539 INFO   r.v.c.r.chess.graphics.Table - Piece Q was put on: D8 successfully.
22:27:49.542 INFO   r.v.c.r.chess.graphics.Table - Piece K was put on: E8 successfully.
22:27:49.542 INFO   r.v.c.r.chess.graphics.Table - Piece B was put on: F8 successfully.
22:27:49.543 INFO   r.v.c.r.chess.graphics.Table - Piece Knt was put on: G8 successfully.
22:27:49.543 INFO   r.v.c.r.chess.graphics.Table - Piece R was put on: H8 successfully.
22:27:49.723 INFO   r.v.c.r.chess.graphics.Table - Table was init successfully.
22:27:51.556 INFO   r.v.c.r.c.g.Controller - Application launched successfully.
22:28:00.752 INFO   r.v.c.r.c.essence.board.Board - Board init was successful.
22:28:00.808 INFO   r.v.c.r.chess.graphics.Table - Piece R was put on: A1 successfully.
22:28:00.813 INFO   r.v.c.r.chess.graphics.Table - Piece Knt was put on: B1 successfully.
22:28:00.818 INFO   r.v.c.r.chess.graphics.Table - Piece B was put on: C1 successfully.
22:28:00.822 INFO   r.v.c.r.chess.graphics.Table - Piece Q was put on: D1 successfully.
22:28:00.826 INFO   r.v.c.r.chess.graphics.Table - Piece K was put on: E1 successfully.
22:28:00.826 INFO   r.v.c.r.chess.graphics.Table - Piece B was put on: F1 successfully.
22:28:00.827 INFO   r.v.c.r.chess.graphics.Table - Piece Knt was put on: G1 successfully.
22:28:00.827 INFO   r.v.c.r.chess.graphics.Table - Piece R was put on: H1 successfully.
22:28:00.830 INFO   r.v.c.r.chess.graphics.Table - Piece P was put on: A2 successfully.
22:28:00.831 INFO   r.v.c.r.chess.graphics.Table - Piece P was put on: B2 successfully.
22:28:00.831 INFO   r.v.c.r.chess.graphics.Table - Piece P was put on: C2 successfully.
22:28:00.831 INFO   r.v.c.r.chess.graphics.Table - Piece P was put on: D2 successfully.
22:28:00.831 INFO   r.v.c.r.chess.graphics.Table - Piece P was put on: E2 successfully.
22:28:00.831 INFO   r.v.c.r.chess.graphics.Table - Piece P was put on: F2 successfully.
22:28:00.832 INFO   r.v.c.r.chess.graphics.Table - Piece P was put on: G2 successfully.
22:28:00.832 INFO   r.v.c.r.chess.graphics.Table - Piece P was put on: H2 successfully.
22:28:00.832 ERROR  r.v.c.r.chess.graphics.Table - Cell is not specified for firstInit piece.
22:28:00.832 ERROR  r.v.c.r.chess.graphics.Table - Cell is not specified for firstInit piece.
22:28:00.832 ERROR  r.v.c.r.chess.graphics.Table - Cell is not specified for firstInit piece.
22:28:00.832 ERROR  r.v.c.r.chess.graphics.Table - Cell is not specified for firstInit piece.
22:28:00.832 ERROR  r.v.c.r.chess.graphics.Table - Cell is not specified for firstInit piece.
22:28:00.833 ERROR  r.v.c.r.chess.graphics.Table - Cell is not specified for firstInit piece.
22:28:00.833 ERROR  r.v.c.r.chess.graphics.Table - Cell is not specified for firstInit piece.
22:28:00.833 ERROR  r.v.c.r.chess.graphics.Table - Cell is not specified for firstInit piece.
22:28:00.833 ERROR  r.v.c.r.chess.graphics.Table - Cell is not specified for firstInit piece.
22:28:00.833 ERROR  r.v.c.r.chess.graphics.Table - Cell is not specified for firstInit piece.
22:28:00.833 ERROR  r.v.c.r.chess.graphics.Table - Cell is not specified for firstInit piece.
22:28:00.834 ERROR  r.v.c.r.chess.graphics.Table - Cell is not specified for firstInit piece.
22:28:00.834 ERROR  r.v.c.r.chess.graphics.Table - Cell is not specified for firstInit piece.
22:28:00.834 ERROR  r.v.c.r.chess.graphics.Table - Cell is not specified for firstInit piece.
22:28:00.834 ERROR  r.v.c.r.chess.graphics.Table - Cell is not specified for firstInit piece.
22:28:00.834 ERROR  r.v.c.r.chess.graphics.Table - Cell is not specified for firstInit piece.
22:28:00.834 ERROR  r.v.c.r.chess.graphics.Table - Cell is not specified for firstInit piece.
22:28:00.835 ERROR  r.v.c.r.chess.graphics.Table - Cell is not specified for firstInit piece.
22:28:00.835 ERROR  r.v.c.r.chess.graphics.Table - Cell is not specified for firstInit piece.
22:28:00.835 ERROR  r.v.c.r.chess.graphics.Table - Cell is not specified for firstInit piece.
22:28:00.835 ERROR  r.v.c.r.chess.graphics.Table - Cell is not specified for firstInit piece.
22:28:00.835 ERROR  r.v.c.r.chess.graphics.Table - Cell is not specified for firstInit piece.
22:28:00.835 ERROR  r.v.c.r.chess.graphics.Table - Cell is not specified for firstInit piece.
22:28:00.835 ERROR  r.v.c.r.chess.graphics.Table - Cell is not specified for firstInit piece.
22:28:00.835 ERROR  r.v.c.r.chess.graphics.Table - Cell is not specified for firstInit piece.
22:28:00.835 ERROR  r.v.c.r.chess.graphics.Table - Cell is not specified for firstInit piece.
22:28:00.836 ERROR  r.v.c.r.chess.graphics.Table - Cell is not specified for firstInit piece.
22:28:00.836 ERROR  r.v.c.r.chess.graphics.Table - Cell is not specified for firstInit piece.
22:28:00.836 ERROR  r.v.c.r.chess.graphics.Table - Cell is not specified for firstInit piece.
22:28:00.836 ERROR  r.v.c.r.chess.graphics.Table - Cell is not specified for firstInit piece.
22:28:00.836 ERROR  r.v.c.r.chess.graphics.Table - Cell is not specified for firstInit piece.
22:28:00.836 ERROR  r.v.c.r.chess.graphics.Table - Cell is not specified for firstInit piece.
22:28:00.838 INFO   r.v.c.r.chess.graphics.Table - Piece P was put on: A7 successfully.
22:28:00.839 INFO   r.v.c.r.chess.graphics.Table - Piece P was put on: B7 successfully.
22:28:00.839 INFO   r.v.c.r.chess.graphics.Table - Piece P was put on: C7 successfully.
22:28:00.839 INFO   r.v.c.r.chess.graphics.Table - Piece P was put on: D7 successfully.
22:28:00.839 INFO   r.v.c.r.chess.graphics.Table - Piece P was put on: E7 successfully.
22:28:00.839 INFO   r.v.c.r.chess.graphics.Table - Piece P was put on: F7 successfully.
22:28:00.840 INFO   r.v.c.r.chess.graphics.Table - Piece P was put on: G7 successfully.
22:28:00.840 INFO   r.v.c.r.chess.graphics.Table - Piece P was put on: H7 successfully.
22:28:00.843 INFO   r.v.c.r.chess.graphics.Table - Piece R was put on: A8 successfully.
22:28:00.847 INFO   r.v.c.r.chess.graphics.Table - Piece Knt was put on: B8 successfully.
22:28:00.849 INFO   r.v.c.r.chess.graphics.Table - Piece B was put on: C8 successfully.
22:28:00.851 INFO   r.v.c.r.chess.graphics.Table - Piece Q was put on: D8 successfully.
22:28:00.854 INFO   r.v.c.r.chess.graphics.Table - Piece K was put on: E8 successfully.
22:28:00.858 INFO   r.v.c.r.chess.graphics.Table - Piece B was put on: F8 successfully.
22:28:00.859 INFO   r.v.c.r.chess.graphics.Table - Piece Knt was put on: G8 successfully.
22:28:00.859 INFO   r.v.c.r.chess.graphics.Table - Piece R was put on: H8 successfully.
22:28:01.073 INFO   r.v.c.r.chess.graphics.Table - Table was init successfully.
22:28:08.776 INFO   r.v.c.r.c.g.Controller - Application launched successfully.
22:28:58.427 INFO   r.v.c.r.c.essence.board.Board - Board init was successful.
22:28:58.471 INFO   r.v.c.r.chess.graphics.Table - Piece R was put on: A1 successfully.
22:28:58.477 INFO   r.v.c.r.chess.graphics.Table - Piece Knt was put on: B1 successfully.
22:28:58.481 INFO   r.v.c.r.chess.graphics.Table - Piece B was put on: C1 successfully.
22:28:58.485 INFO   r.v.c.r.chess.graphics.Table - Piece Q was put on: D1 successfully.
22:28:58.489 INFO   r.v.c.r.chess.graphics.Table - Piece K was put on: E1 successfully.
22:28:58.489 INFO   r.v.c.r.chess.graphics.Table - Piece B was put on: F1 successfully.
22:28:58.489 INFO   r.v.c.r.chess.graphics.Table - Piece Knt was put on: G1 successfully.
22:28:58.490 INFO   r.v.c.r.chess.graphics.Table - Piece R was put on: H1 successfully.
22:28:58.493 INFO   r.v.c.r.chess.graphics.Table - Piece P was put on: A2 successfully.
22:28:58.494 INFO   r.v.c.r.chess.graphics.Table - Piece P was put on: B2 successfully.
22:28:58.494 INFO   r.v.c.r.chess.graphics.Table - Piece P was put on: C2 successfully.
22:28:58.494 INFO   r.v.c.r.chess.graphics.Table - Piece P was put on: D2 successfully.
22:28:58.494 INFO   r.v.c.r.chess.graphics.Table - Piece P was put on: E2 successfully.
22:28:58.495 INFO   r.v.c.r.chess.graphics.Table - Piece P was put on: F2 successfully.
22:28:58.495 INFO   r.v.c.r.chess.graphics.Table - Piece P was put on: G2 successfully.
22:28:58.495 INFO   r.v.c.r.chess.graphics.Table - Piece P was put on: H2 successfully.
22:28:58.496 ERROR  r.v.c.r.chess.graphics.Table - Cell is not specified for firstInit piece.
22:28:58.496 ERROR  r.v.c.r.chess.graphics.Table - Cell is not specified for firstInit piece.
22:28:58.496 ERROR  r.v.c.r.chess.graphics.Table - Cell is not specified for firstInit piece.
22:28:58.496 ERROR  r.v.c.r.chess.graphics.Table - Cell is not specified for firstInit piece.
22:28:58.496 ERROR  r.v.c.r.chess.graphics.Table - Cell is not specified for firstInit piece.
22:28:58.496 ERROR  r.v.c.r.chess.graphics.Table - Cell is not specified for firstInit piece.
22:28:58.496 ERROR  r.v.c.r.chess.graphics.Table - Cell is not specified for firstInit piece.
22:28:58.496 ERROR  r.v.c.r.chess.graphics.Table - Cell is not specified for firstInit piece.
22:28:58.496 ERROR  r.v.c.r.chess.graphics.Table - Cell is not specified for firstInit piece.
22:28:58.496 ERROR  r.v.c.r.chess.graphics.Table - Cell is not specified for firstInit piece.
22:28:58.496 ERROR  r.v.c.r.chess.graphics.Table - Cell is not specified for firstInit piece.
22:28:58.496 ERROR  r.v.c.r.chess.graphics.Table - Cell is not specified for firstInit piece.
22:28:58.496 ERROR  r.v.c.r.chess.graphics.Table - Cell is not specified for firstInit piece.
22:28:58.497 ERROR  r.v.c.r.chess.graphics.Table - Cell is not specified for firstInit piece.
22:28:58.497 ERROR  r.v.c.r.chess.graphics.Table - Cell is not specified for firstInit piece.
22:28:58.497 ERROR  r.v.c.r.chess.graphics.Table - Cell is not specified for firstInit piece.
22:28:58.497 ERROR  r.v.c.r.chess.graphics.Table - Cell is not specified for firstInit piece.
22:28:58.497 ERROR  r.v.c.r.chess.graphics.Table - Cell is not specified for firstInit piece.
22:28:58.497 ERROR  r.v.c.r.chess.graphics.Table - Cell is not specified for firstInit piece.
22:28:58.497 ERROR  r.v.c.r.chess.graphics.Table - Cell is not specified for firstInit piece.
22:28:58.497 ERROR  r.v.c.r.chess.graphics.Table - Cell is not specified for firstInit piece.
22:28:58.497 ERROR  r.v.c.r.chess.graphics.Table - Cell is not specified for firstInit piece.
22:28:58.497 ERROR  r.v.c.r.chess.graphics.Table - Cell is not specified for firstInit piece.
22:28:58.497 ERROR  r.v.c.r.chess.graphics.Table - Cell is not specified for firstInit piece.
22:28:58.498 ERROR  r.v.c.r.chess.graphics.Table - Cell is not specified for firstInit piece.
22:28:58.498 ERROR  r.v.c.r.chess.graphics.Table - Cell is not specified for firstInit piece.
22:28:58.498 ERROR  r.v.c.r.chess.graphics.Table - Cell is not specified for firstInit piece.
22:28:58.498 ERROR  r.v.c.r.chess.graphics.Table - Cell is not specified for firstInit piece.
22:28:58.498 ERROR  r.v.c.r.chess.graphics.Table - Cell is not specified for firstInit piece.
22:28:58.498 ERROR  r.v.c.r.chess.graphics.Table - Cell is not specified for firstInit piece.
22:28:58.498 ERROR  r.v.c.r.chess.graphics.Table - Cell is not specified for firstInit piece.
22:28:58.498 ERROR  r.v.c.r.chess.graphics.Table - Cell is not specified for firstInit piece.
22:28:58.500 INFO   r.v.c.r.chess.graphics.Table - Piece P was put on: A7 successfully.
22:28:58.501 INFO   r.v.c.r.chess.graphics.Table - Piece P was put on: B7 successfully.
22:28:58.501 INFO   r.v.c.r.chess.graphics.Table - Piece P was put on: C7 successfully.
22:28:58.502 INFO   r.v.c.r.chess.graphics.Table - Piece P was put on: D7 successfully.
22:28:58.502 INFO   r.v.c.r.chess.graphics.Table - Piece P was put on: E7 successfully.
22:28:58.502 INFO   r.v.c.r.chess.graphics.Table - Piece P was put on: F7 successfully.
22:28:58.502 INFO   r.v.c.r.chess.graphics.Table - Piece P was put on: G7 successfully.
22:28:58.502 INFO   r.v.c.r.chess.graphics.Table - Piece P was put on: H7 successfully.
22:28:58.507 INFO   r.v.c.r.chess.graphics.Table - Piece R was put on: A8 successfully.
22:28:58.510 INFO   r.v.c.r.chess.graphics.Table - Piece Knt was put on: B8 successfully.
22:28:58.511 INFO   r.v.c.r.chess.graphics.Table - Piece B was put on: C8 successfully.
22:28:58.513 INFO   r.v.c.r.chess.graphics.Table - Piece Q was put on: D8 successfully.
22:28:58.516 INFO   r.v.c.r.chess.graphics.Table - Piece K was put on: E8 successfully.
22:28:58.516 INFO   r.v.c.r.chess.graphics.Table - Piece B was put on: F8 successfully.
22:28:58.516 INFO   r.v.c.r.chess.graphics.Table - Piece Knt was put on: G8 successfully.
22:28:58.516 INFO   r.v.c.r.chess.graphics.Table - Piece R was put on: H8 successfully.
22:28:58.686 INFO   r.v.c.r.chess.graphics.Table - Table was init successfully.
22:29:10.304 INFO   r.v.c.r.c.g.Controller - Application launched successfully.
22:33:16.762 INFO   r.v.c.r.c.essence.board.Board - Board init was successful.
22:33:16.860 INFO   r.v.c.r.chess.graphics.Table - Piece R was put on: A1 successfully.
22:33:16.869 INFO   r.v.c.r.chess.graphics.Table - Piece Knt was put on: B1 successfully.
22:33:16.874 INFO   r.v.c.r.chess.graphics.Table - Piece B was put on: C1 successfully.
22:33:16.879 INFO   r.v.c.r.chess.graphics.Table - Piece Q was put on: D1 successfully.
22:33:16.886 INFO   r.v.c.r.chess.graphics.Table - Piece K was put on: E1 successfully.
22:33:16.887 INFO   r.v.c.r.chess.graphics.Table - Piece B was put on: F1 successfully.
22:33:16.888 INFO   r.v.c.r.chess.graphics.Table - Piece Knt was put on: G1 successfully.
22:33:16.889 INFO   r.v.c.r.chess.graphics.Table - Piece R was put on: H1 successfully.
22:33:16.893 INFO   r.v.c.r.chess.graphics.Table - Piece P was put on: A2 successfully.
22:33:16.894 INFO   r.v.c.r.chess.graphics.Table - Piece P was put on: B2 successfully.
22:33:16.894 INFO   r.v.c.r.chess.graphics.Table - Piece P was put on: C2 successfully.
22:33:16.895 INFO   r.v.c.r.chess.graphics.Table - Piece P was put on: D2 successfully.
22:33:16.895 INFO   r.v.c.r.chess.graphics.Table - Piece P was put on: E2 successfully.
22:33:16.895 INFO   r.v.c.r.chess.graphics.Table - Piece P was put on: F2 successfully.
22:33:16.895 INFO   r.v.c.r.chess.graphics.Table - Piece P was put on: G2 successfully.
22:33:16.896 INFO   r.v.c.r.chess.graphics.Table - Piece P was put on: H2 successfully.
22:33:16.896 ERROR  r.v.c.r.chess.graphics.Table - Cell is not specified for firstInit piece.
22:33:16.896 ERROR  r.v.c.r.chess.graphics.Table - Cell is not specified for firstInit piece.
22:33:16.896 ERROR  r.v.c.r.chess.graphics.Table - Cell is not specified for firstInit piece.
22:33:16.896 ERROR  r.v.c.r.chess.graphics.Table - Cell is not specified for firstInit piece.
22:33:16.896 ERROR  r.v.c.r.chess.graphics.Table - Cell is not specified for firstInit piece.
22:33:16.896 ERROR  r.v.c.r.chess.graphics.Table - Cell is not specified for firstInit piece.
22:33:16.897 ERROR  r.v.c.r.chess.graphics.Table - Cell is not specified for firstInit piece.
22:33:16.897 ERROR  r.v.c.r.chess.graphics.Table - Cell is not specified for firstInit piece.
22:33:16.897 ERROR  r.v.c.r.chess.graphics.Table - Cell is not specified for firstInit piece.
22:33:16.897 ERROR  r.v.c.r.chess.graphics.Table - Cell is not specified for firstInit piece.
22:33:16.897 ERROR  r.v.c.r.chess.graphics.Table - Cell is not specified for firstInit piece.
22:33:16.897 ERROR  r.v.c.r.chess.graphics.Table - Cell is not specified for firstInit piece.
22:33:16.897 ERROR  r.v.c.r.chess.graphics.Table - Cell is not specified for firstInit piece.
22:33:16.897 ERROR  r.v.c.r.chess.graphics.Table - Cell is not specified for firstInit piece.
22:33:16.898 ERROR  r.v.c.r.chess.graphics.Table - Cell is not specified for firstInit piece.
22:33:16.898 ERROR  r.v.c.r.chess.graphics.Table - Cell is not specified for firstInit piece.
22:33:16.898 ERROR  r.v.c.r.chess.graphics.Table - Cell is not specified for firstInit piece.
22:33:16.898 ERROR  r.v.c.r.chess.graphics.Table - Cell is not specified for firstInit piece.
22:33:16.898 ERROR  r.v.c.r.chess.graphics.Table - Cell is not specified for firstInit piece.
22:33:16.899 ERROR  r.v.c.r.chess.graphics.Table - Cell is not specified for firstInit piece.
22:33:16.899 ERROR  r.v.c.r.chess.graphics.Table - Cell is not specified for firstInit piece.
22:33:16.899 ERROR  r.v.c.r.chess.graphics.Table - Cell is not specified for firstInit piece.
22:33:16.899 ERROR  r.v.c.r.chess.graphics.Table - Cell is not specified for firstInit piece.
22:33:16.899 ERROR  r.v.c.r.chess.graphics.Table - Cell is not specified for firstInit piece.
22:33:16.899 ERROR  r.v.c.r.chess.graphics.Table - Cell is not specified for firstInit piece.
22:33:16.899 ERROR  r.v.c.r.chess.graphics.Table - Cell is not specified for firstInit piece.
22:33:16.900 ERROR  r.v.c.r.chess.graphics.Table - Cell is not specified for firstInit piece.
22:33:16.900 ERROR  r.v.c.r.chess.graphics.Table - Cell is not specified for firstInit piece.
22:33:16.900 ERROR  r.v.c.r.chess.graphics.Table - Cell is not specified for firstInit piece.
22:33:16.900 ERROR  r.v.c.r.chess.graphics.Table - Cell is not specified for firstInit piece.
22:33:16.900 ERROR  r.v.c.r.chess.graphics.Table - Cell is not specified for firstInit piece.
22:33:16.900 ERROR  r.v.c.r.chess.graphics.Table - Cell is not specified for firstInit piece.
22:33:16.903 INFO   r.v.c.r.chess.graphics.Table - Piece P was put on: A7 successfully.
22:33:16.904 INFO   r.v.c.r.chess.graphics.Table - Piece P was put on: B7 successfully.
22:33:16.904 INFO   r.v.c.r.chess.graphics.Table - Piece P was put on: C7 successfully.
22:33:16.904 INFO   r.v.c.r.chess.graphics.Table - Piece P was put on: D7 successfully.
22:33:16.905 INFO   r.v.c.r.chess.graphics.Table - Piece P was put on: E7 successfully.
22:33:16.905 INFO   r.v.c.r.chess.graphics.Table - Piece P was put on: F7 successfully.
22:33:16.906 INFO   r.v.c.r.chess.graphics.Table - Piece P was put on: G7 successfully.
22:33:16.906 INFO   r.v.c.r.chess.graphics.Table - Piece P was put on: H7 successfully.
22:33:16.910 INFO   r.v.c.r.chess.graphics.Table - Piece R was put on: A8 successfully.
22:33:16.914 INFO   r.v.c.r.chess.graphics.Table - Piece Knt was put on: B8 successfully.
22:33:16.916 INFO   r.v.c.r.chess.graphics.Table - Piece B was put on: C8 successfully.
22:33:16.920 INFO   r.v.c.r.chess.graphics.Table - Piece Q was put on: D8 successfully.
22:33:16.923 INFO   r.v.c.r.chess.graphics.Table - Piece K was put on: E8 successfully.
22:33:16.924 INFO   r.v.c.r.chess.graphics.Table - Piece B was put on: F8 successfully.
22:33:16.924 INFO   r.v.c.r.chess.graphics.Table - Piece Knt was put on: G8 successfully.
22:33:16.924 INFO   r.v.c.r.chess.graphics.Table - Piece R was put on: H8 successfully.
22:33:17.403 INFO   r.v.c.r.chess.graphics.Table - Table was init successfully.
22:34:11.256 INFO   r.v.c.r.c.g.Controller - Application launched successfully.
